2024-01-23T00:00:00,True,0.85608,0.85608,0.85586,0.85588,29
2024-01-23T00:01:00,True,0.85592,0.85604,0.85592,0.85602,20
2024-01-23T00:02:00,True,0.85602,0.85606,0.85593,0.85594,44
2024-01-23T00:03:00,True,0.85594,0.85595,0.85592,0.85592,29
2024-01-23T00:04:00,True,0.85592,0.85594,0.85590,0.85592,18
2024-01-23T00:05:00,True,0.85590,0.85592,0.85590,0.85590,9
2024-01-23T00:06:00,True,0.85588,0.85588,0.85584,0.85584,11
2024-01-23T00:07:00,True,0.85584,0.85584,0.85584,0.85584,15
2024-01-23T00:08:00,True,0.85582,0.85592,0.85580,0.85592,13
2024-01-23T00:09:00,True,0.85592,0.85602,0.85592,0.85600,36
2024-01-23T00:10:00,True,0.85600,0.85600,0.85591,0.85592,51
2024-01-23T00:11:00,True,0.85594,0.85594,0.85590,0.85592,16
2024-01-23T00:12:00,True,0.85593,0.85594,0.85586,0.85590,43
2024-01-23T00:13:00,True,0.85593,0.85595,0.85589,0.85592,34
2024-01-23T00:14:00,True,0.85593,0.85598,0.85590,0.85593,27
2024-01-23T00:15:00,True,0.85594,0.85596,0.85593,0.85596,41
2024-01-23T00:16:00,True,0.85594,0.85596,0.85590,0.85590,48
2024-01-23T00:17:00,True,0.85592,0.85594,0.85591,0.85592,16
2024-01-23T00:18:00,True,0.85594,0.85600,0.85594,0.85600,9
2024-01-23T00:19:00,True,0.85600,0.85600,0.85600,0.85600,4
2024-01-23T00:20:00,True,0.85600,0.85601,0.85600,0.85600,6
2024-01-23T00:21:00,True,0.85601,0.85601,0.85598,0.85598,4
2024-01-23T00:23:00,True,0.85600,0.85600,0.85598,0.85600,8
2024-01-23T00:24:00,True,0.85599,0.85599,0.85599,0.85599,1
2024-01-23T00:25:00,True,0.85598,0.85598,0.85598,0.85598,9
2024-01-23T00:26:00,True,0.85596,0.85600,0.85596,0.85598,9
2024-01-23T00:27:00,True,0.85598,0.85598,0.85596,0.85596,2
2024-01-23T00:28:00,True,0.85596,0.85596,0.85596,0.85596,4
2024-01-23T00:29:00,True,0.85596,0.85598,0.85596,0.85598,5
2024-01-23T00:30:00,True,0.85598,0.85598,0.85596,0.85598,3
2024-01-23T00:31:00,True,0.85602,0.85602,0.85602,0.85602,3
2024-01-23T00:32:00,True,0.85606,0.85606,0.85603,0.85604,7
2024-01-23T00:33:00,True,0.85606,0.85607,0.85602,0.85603,15
2024-01-23T00:34:00,True,0.85606,0.85606,0.85606,0.85606,1
2024-01-23T00:35:00,True,0.85607,0.85612,0.85605,0.85612,8
2024-01-23T00:36:00,True,0.85611,0.85612,0.85610,0.85612,3
2024-01-23T00:37:00,True,0.85610,0.85612,0.85607,0.85608,11
2024-01-23T00:38:00,True,0.85610,0.85614,0.85606,0.85614,14
2024-01-23T00:40:00,True,0.85612,0.85613,0.85612,0.85612,9
2024-01-23T00:41:00,True,0.85611,0.85611,0.85603,0.85604,11
2024-01-23T00:42:00,True,0.85606,0.85606,0.85606,0.85606,8
2024-01-23T00:43:00,True,0.85606,0.85606,0.85606,0.85606,7
2024-01-23T00:44:00,True,0.85608,0.85609,0.85607,0.85609,4
2024-01-23T00:45:00,True,0.85608,0.85608,0.85606,0.85606,3
2024-01-23T00:46:00,True,0.85606,0.85606,0.85604,0.85605,5
2024-01-23T00:47:00,True,0.85604,0.85606,0.85604,0.85604,5
2024-01-23T00:48:00,True,0.85604,0.85604,0.85604,0.85604,1
2024-01-23T00:49:00,True,0.85603,0.85604,0.85603,0.85604,5
2024-01-23T00:50:00,True,0.85604,0.85604,0.85600,0.85600,6
2024-01-23T00:51:00,True,0.85602,0.85602,0.85600,0.85600,10
2024-01-23T00:52:00,True,0.85599,0.85601,0.85598,0.85601,7
2024-01-23T00:53:00,True,0.85601,0.85601,0.85596,0.85598,13
2024-01-23T00:54:00,True,0.85600,0.85608,0.85600,0.85606,17
2024-01-23T00:55:00,True,0.85605,0.85605,0.85600,0.85601,20
2024-01-23T00:56:00,True,0.85598,0.85599,0.85598,0.85598,3
2024-01-23T00:57:00,True,0.85598,0.85600,0.85598,0.85600,11
2024-01-23T00:58:00,True,0.85598,0.85601,0.85596,0.85600,14
2024-01-23T00:59:00,True,0.85598,0.85599,0.85598,0.85599,2
2024-01-23T01:00:00,True,0.85600,0.85600,0.85594,0.85595,20
2024-01-23T01:01:00,True,0.85594,0.85595,0.85594,0.85595,6
2024-01-23T01:02:00,True,0.85594,0.85600,0.85594,0.85598,21
2024-01-23T01:03:00,True,0.85598,0.85601,0.85598,0.85600,15
2024-01-23T01:04:00,True,0.85598,0.85599,0.85598,0.85598,6
2024-01-23T01:05:00,True,0.85595,0.85595,0.85595,0.85595,2
2024-01-23T01:06:00,True,0.85596,0.85596,0.85592,0.85595,6
2024-01-23T01:07:00,True,0.85595,0.85595,0.85595,0.85595,2
2024-01-23T01:08:00,True,0.85595,0.85595,0.85595,0.85595,2
2024-01-23T01:09:00,True,0.85596,0.85596,0.85594,0.85596,6
2024-01-23T01:10:00,True,0.85596,0.85598,0.85592,0.85594,14
2024-01-23T01:11:00,True,0.85596,0.85598,0.85592,0.85593,14
2024-01-23T01:12:00,True,0.85592,0.85596,0.85592,0.85596,6
2024-01-23T01:13:00,True,0.85598,0.85598,0.85596,0.85596,4
2024-01-23T01:14:00,True,0.85598,0.85598,0.85596,0.85597,4
2024-01-23T01:15:00,True,0.85599,0.85599,0.85592,0.85592,14
2024-01-23T01:16:00,True,0.85594,0.85595,0.85590,0.85590,17
2024-01-23T01:17:00,True,0.85591,0.85593,0.85590,0.85590,42
2024-01-23T01:18:00,True,0.85591,0.85591,0.85590,0.85590,18
2024-01-23T01:19:00,True,0.85591,0.85591,0.85589,0.85590,28
2024-01-23T01:20:00,True,0.85588,0.85590,0.85584,0.85586,19
2024-01-23T01:21:00,True,0.85584,0.85586,0.85584,0.85584,22
2024-01-23T01:22:00,True,0.85584,0.85584,0.85584,0.85584,18
2024-01-23T01:23:00,True,0.85584,0.85584,0.85583,0.85584,11
2024-01-23T01:24:00,True,0.85583,0.85583,0.85580,0.85581,5
2024-01-23T01:25:00,True,0.85580,0.85583,0.85580,0.85580,11
2024-01-23T01:26:00,True,0.85580,0.85580,0.85578,0.85579,10
2024-01-23T01:27:00,True,0.85578,0.85578,0.85576,0.85576,5
2024-01-23T01:28:00,True,0.85577,0.85578,0.85577,0.85577,7
2024-01-23T01:29:00,True,0.85576,0.85576,0.85574,0.85576,31
2024-01-23T01:30:00,True,0.85577,0.85585,0.85577,0.85585,16
2024-01-23T01:31:00,True,0.85586,0.85588,0.85582,0.85588,25
2024-01-23T01:32:00,True,0.85588,0.85590,0.85588,0.85590,16
2024-01-23T01:33:00,True,0.85588,0.85589,0.85586,0.85586,15
2024-01-23T01:34:00,True,0.85586,0.85587,0.85586,0.85586,11
2024-01-23T01:35:00,True,0.85586,0.85590,0.85586,0.85589,14
2024-01-23T01:36:00,True,0.85588,0.85592,0.85588,0.85590,14
2024-01-23T01:38:00,True,0.85591,0.85593,0.85590,0.85590,8
2024-01-23T01:39:00,True,0.85592,0.85596,0.85590,0.85590,7
2024-01-23T01:40:00,True,0.85591,0.85595,0.85590,0.85594,22
2024-01-23T01:41:00,True,0.85594,0.85594,0.85590,0.85591,17
2024-01-23T01:42:00,True,0.85590,0.85592,0.85590,0.85590,11
2024-01-23T01:43:00,True,0.85591,0.85591,0.85590,0.85591,29
2024-01-23T01:44:00,True,0.85590,0.85592,0.85590,0.85592,14
2024-01-23T01:45:00,True,0.85590,0.85591,0.85590,0.85590,7
2024-01-23T01:46:00,True,0.85591,0.85593,0.85590,0.85592,29
2024-01-23T01:47:00,True,0.85593,0.85601,0.85593,0.85600,19
2024-01-23T01:48:00,True,0.85604,0.85606,0.85602,0.85606,7
2024-01-23T01:49:00,True,0.85605,0.85607,0.85604,0.85607,10
2024-01-23T01:50:00,True,0.85608,0.85608,0.85605,0.85607,15
2024-01-23T01:51:00,True,0.85606,0.85611,0.85604,0.85608,24
2024-01-23T01:52:00,True,0.85606,0.85610,0.85602,0.85608,26
2024-01-23T01:53:00,True,0.85608,0.85614,0.85608,0.85614,24
2024-01-23T01:54:00,True,0.85614,0.85622,0.85614,0.85618,37
2024-01-23T01:55:00,True,0.85618,0.85618,0.85608,0.85610,16
2024-01-23T01:56:00,True,0.85608,0.85611,0.85608,0.85610,8
2024-01-23T01:57:00,True,0.85610,0.85611,0.85598,0.85598,73
2024-01-23T01:58:00,True,0.85595,0.85609,0.85595,0.85598,82
2024-01-23T01:59:00,True,0.85594,0.85595,0.85589,0.85594,34
2024-01-23T02:00:00,True,0.85594,0.85596,0.85592,0.85592,36
2024-01-23T02:01:00,True,0.85594,0.85594,0.85590,0.85594,22
2024-01-23T02:02:00,True,0.85596,0.85598,0.85592,0.85595,24
2024-01-23T02:03:00,True,0.85596,0.85596,0.85590,0.85591,25
2024-01-23T02:04:00,True,0.85592,0.85596,0.85587,0.85593,27
2024-01-23T02:05:00,True,0.85591,0.85594,0.85590,0.85590,42
2024-01-23T02:06:00,True,0.85591,0.85594,0.85588,0.85592,46
2024-01-23T02:07:00,True,0.85594,0.85600,0.85592,0.85596,62
2024-01-23T02:08:00,True,0.85596,0.85598,0.85592,0.85596,48
2024-01-23T02:09:00,True,0.85596,0.85599,0.85595,0.85596,84
2024-01-23T02:10:00,True,0.85596,0.85596,0.85590,0.85592,35
2024-01-23T02:11:00,True,0.85592,0.85592,0.85588,0.85590,36
2024-01-23T02:12:00,True,0.85589,0.85589,0.85586,0.85588,11
2024-01-23T02:13:00,True,0.85586,0.85587,0.85584,0.85584,35
2024-01-23T02:14:00,True,0.85584,0.85586,0.85583,0.85584,21
2024-01-23T02:15:00,True,0.85582,0.85585,0.85582,0.85584,14
2024-01-23T02:17:00,True,0.85584,0.85584,0.85582,0.85584,23
2024-01-23T02:18:00,True,0.85584,0.85584,0.85578,0.85580,24
2024-01-23T02:19:00,True,0.85578,0.85580,0.85578,0.85578,12
2024-01-23T02:20:00,True,0.85579,0.85582,0.85578,0.85582,25
2024-01-23T02:21:00,True,0.85582,0.85586,0.85581,0.85584,31
2024-01-23T02:22:00,True,0.85584,0.85584,0.85579,0.85583,30
2024-01-23T02:23:00,True,0.85580,0.85592,0.85580,0.85584,32
2024-01-23T02:24:00,True,0.85584,0.85586,0.85582,0.85586,14
2024-01-23T02:25:00,True,0.85588,0.85590,0.85587,0.85590,10
2024-01-23T02:26:00,True,0.85591,0.85593,0.85590,0.85593,13
2024-01-23T02:27:00,True,0.85595,0.85598,0.85595,0.85598,17
2024-01-23T02:28:00,True,0.85598,0.85598,0.85598,0.85598,1
2024-01-23T02:29:00,True,0.85599,0.85600,0.85598,0.85599,22
2024-01-23T02:30:00,True,0.85597,0.85602,0.85596,0.85602,19
2024-01-23T02:31:00,True,0.85600,0.85612,0.85600,0.85610,21
2024-01-23T02:32:00,True,0.85611,0.85612,0.85608,0.85609,18
2024-01-23T02:33:00,True,0.85610,0.85610,0.85606,0.85608,17
2024-01-23T02:34:00,True,0.85608,0.85608,0.85606,0.85606,2
2024-01-23T02:35:00,True,0.85603,0.85604,0.85603,0.85604,10
2024-01-23T02:36:00,True,0.85604,0.85606,0.85603,0.85604,9
2024-01-23T02:37:00,True,0.85604,0.85604,0.85603,0.85604,5
2024-01-23T02:38:00,True,0.85604,0.85604,0.85601,0.85601,7
2024-01-23T02:39:00,True,0.85600,0.85601,0.85590,0.85590,18
2024-01-23T02:40:00,True,0.85591,0.85592,0.85588,0.85588,10
2024-01-23T02:41:00,True,0.85590,0.85590,0.85588,0.85590,9
2024-01-23T02:42:00,True,0.85590,0.85593,0.85590,0.85591,22
2024-01-23T02:43:00,True,0.85590,0.85590,0.85590,0.85590,5
2024-01-23T02:44:00,True,0.85590,0.85598,0.85590,0.85598,13
2024-01-23T02:45:00,True,0.85595,0.85596,0.85593,0.85594,17
2024-01-23T02:46:00,True,0.85596,0.85596,0.85590,0.85592,9
2024-01-23T02:47:00,True,0.85592,0.85593,0.85590,0.85591,7
2024-01-23T02:48:00,True,0.85593,0.85599,0.85593,0.85599,9
2024-01-23T02:49:00,True,0.85598,0.85599,0.85598,0.85598,6
2024-01-23T02:50:00,True,0.85598,0.85603,0.85596,0.85597,24
2024-01-23T02:51:00,True,0.85597,0.85600,0.85597,0.85598,6
2024-01-23T02:52:00,True,0.85596,0.85598,0.85596,0.85598,7
2024-01-23T02:53:00,True,0.85599,0.85604,0.85598,0.85603,19
2024-01-23T02:54:00,True,0.85601,0.85603,0.85601,0.85603,2
2024-01-23T02:55:00,True,0.85602,0.85606,0.85602,0.85606,8
2024-01-23T02:56:00,True,0.85604,0.85604,0.85600,0.85602,35
2024-01-23T02:57:00,True,0.85602,0.85608,0.85602,0.85602,28
2024-01-23T02:58:00,True,0.85602,0.85604,0.85599,0.85600,22
2024-01-23T02:59:00,True,0.85602,0.85604,0.85595,0.85596,19
2024-01-23T03:00:00,True,0.85596,0.85599,0.85586,0.85587,36
2024-01-23T03:01:00,True,0.85586,0.85587,0.85584,0.85584,21
2024-01-23T03:02:00,True,0.85584,0.85591,0.85583,0.85591,24
2024-01-23T03:03:00,True,0.85591,0.85598,0.85590,0.85597,12
2024-01-23T03:04:00,True,0.85598,0.85601,0.85597,0.85598,13
2024-01-23T03:05:00,True,0.85600,0.85600,0.85600,0.85600,2
2024-01-23T03:06:00,True,0.85596,0.85598,0.85594,0.85594,15
2024-01-23T03:07:00,True,0.85594,0.85594,0.85590,0.85592,14
2024-01-23T03:08:00,True,0.85592,0.85601,0.85592,0.85601,17
2024-01-23T03:09:00,True,0.85603,0.85605,0.85592,0.85596,86
2024-01-23T03:10:00,True,0.85597,0.85601,0.85596,0.85601,43
2024-01-23T03:11:00,True,0.85600,0.85604,0.85598,0.85599,46
2024-01-23T03:12:00,True,0.85600,0.85603,0.85600,0.85602,36
2024-01-23T03:13:00,True,0.85602,0.85608,0.85602,0.85608,10
2024-01-23T03:14:00,True,0.85609,0.85612,0.85608,0.85609,14
2024-01-23T03:15:00,True,0.85610,0.85610,0.85607,0.85607,26
2024-01-23T03:16:00,True,0.85608,0.85608,0.85604,0.85605,14
2024-01-23T03:17:00,True,0.85604,0.85604,0.85600,0.85600,36
2024-01-23T03:18:00,True,0.85601,0.85609,0.85600,0.85607,58
2024-01-23T03:19:00,True,0.85606,0.85611,0.85602,0.85603,44
2024-01-23T03:20:00,True,0.85600,0.85600,0.85598,0.85600,8
2024-01-23T03:21:00,True,0.85596,0.85600,0.85596,0.85600,14
2024-01-23T03:22:00,True,0.85598,0.85601,0.85598,0.85599,7
2024-01-23T03:23:00,True,0.85598,0.85598,0.85591,0.85592,13
2024-01-23T03:24:00,True,0.85592,0.85592,0.85590,0.85590,14
2024-01-23T03:25:00,True,0.85588,0.85588,0.85584,0.85586,4
2024-01-23T03:26:00,True,0.85587,0.85588,0.85585,0.85585,8
2024-01-23T03:27:00,True,0.85587,0.85590,0.85586,0.85590,14
2024-01-23T03:28:00,True,0.85590,0.85590,0.85586,0.85587,8
2024-01-23T03:29:00,True,0.85588,0.85590,0.85586,0.85587,16
2024-01-23T03:30:00,True,0.85586,0.85588,0.85586,0.85588,4
2024-01-23T03:31:00,True,0.85590,0.85590,0.85584,0.85584,15
2024-01-23T03:32:00,True,0.85584,0.85594,0.85584,0.85594,19
2024-01-23T03:33:00,True,0.85592,0.85595,0.85592,0.85595,12
2024-01-23T03:34:00,True,0.85594,0.85596,0.85593,0.85594,17
2024-01-23T03:35:00,True,0.85596,0.85600,0.85596,0.85598,21
2024-01-23T03:36:00,True,0.85598,0.85600,0.85592,0.85594,30
2024-01-23T03:37:00,True,0.85594,0.85602,0.85594,0.85602,30
2024-01-23T03:38:00,True,0.85602,0.85606,0.85602,0.85606,26
2024-01-23T03:39:00,True,0.85605,0.85606,0.85602,0.85602,19
2024-01-23T03:40:00,True,0.85605,0.85608,0.85604,0.85608,11
2024-01-23T03:41:00,True,0.85608,0.85609,0.85606,0.85608,24
2024-01-23T03:42:00,True,0.85607,0.85610,0.85606,0.85608,35
2024-01-23T03:43:00,True,0.85609,0.85610,0.85608,0.85608,8
2024-01-23T03:44:00,True,0.85608,0.85608,0.85606,0.85606,32
2024-01-23T03:45:00,True,0.85606,0.85606,0.85604,0.85606,10
2024-01-23T03:46:00,True,0.85606,0.85606,0.85603,0.85604,13
2024-01-23T03:47:00,True,0.85606,0.85606,0.85606,0.85606,10
2024-01-23T03:48:00,True,0.85606,0.85607,0.85606,0.85607,12
2024-01-23T03:49:00,True,0.85608,0.85608,0.85605,0.85607,7
2024-01-23T03:50:00,True,0.85605,0.85606,0.85604,0.85604,5
2024-01-23T03:51:00,True,0.85604,0.85606,0.85602,0.85605,22
2024-01-23T03:52:00,True,0.85604,0.85606,0.85602,0.85605,13
2024-01-23T03:53:00,True,0.85604,0.85605,0.85602,0.85604,18
2024-01-23T03:54:00,True,0.85604,0.85604,0.85600,0.85602,30
2024-01-23T03:55:00,True,0.85602,0.85604,0.85598,0.85599,13
2024-01-23T03:56:00,True,0.85597,0.85597,0.85592,0.85594,10
2024-01-23T03:57:00,True,0.85594,0.85600,0.85594,0.85598,10
2024-01-23T03:58:00,True,0.85600,0.85606,0.85599,0.85606,41
2024-01-23T03:59:00,True,0.85605,0.85606,0.85602,0.85602,14
2024-01-23T04:00:00,True,0.85605,0.85605,0.85600,0.85604,16
2024-01-23T04:01:00,True,0.85602,0.85608,0.85602,0.85607,40
2024-01-23T04:02:00,True,0.85608,0.85608,0.85602,0.85602,14
2024-01-23T04:03:00,True,0.85604,0.85604,0.85598,0.85598,18
2024-01-23T04:04:00,True,0.85601,0.85604,0.85600,0.85604,11
2024-01-23T04:05:00,True,0.85604,0.85608,0.85604,0.85608,21
2024-01-23T04:06:00,True,0.85608,0.85610,0.85608,0.85610,16
2024-01-23T04:07:00,True,0.85610,0.85611,0.85609,0.85610,18
2024-01-23T04:08:00,True,0.85613,0.85613,0.85612,0.85612,6
2024-01-23T04:09:00,True,0.85612,0.85612,0.85611,0.85612,21
2024-01-23T04:10:00,True,0.85611,0.85612,0.85611,0.85612,6
2024-01-23T04:11:00,True,0.85612,0.85616,0.85612,0.85616,7
2024-01-23T04:12:00,True,0.85616,0.85616,0.85614,0.85616,7
2024-01-23T04:13:00,True,0.85614,0.85616,0.85614,0.85616,18
2024-01-23T04:14:00,True,0.85614,0.85616,0.85614,0.85616,13
2024-01-23T04:15:00,True,0.85618,0.85618,0.85616,0.85618,3
2024-01-23T04:16:00,True,0.85617,0.85617,0.85616,0.85616,3
2024-01-23T04:17:00,True,0.85617,0.85618,0.85617,0.85618,3
2024-01-23T04:18:00,True,0.85617,0.85618,0.85614,0.85614,6
2024-01-23T04:19:00,True,0.85614,0.85616,0.85613,0.85614,25
2024-01-23T04:20:00,True,0.85614,0.85614,0.85612,0.85612,11
2024-01-23T04:21:00,True,0.85613,0.85616,0.85612,0.85616,20
2024-01-23T04:22:00,True,0.85616,0.85616,0.85614,0.85614,12
2024-01-23T04:23:00,True,0.85616,0.85620,0.85616,0.85619,16
2024-01-23T04:24:00,True,0.85618,0.85619,0.85614,0.85617,19
2024-01-23T04:25:00,True,0.85619,0.85619,0.85616,0.85618,16
2024-01-23T04:26:00,True,0.85616,0.85616,0.85614,0.85614,25
2024-01-23T04:27:00,True,0.85616,0.85616,0.85614,0.85615,3
2024-01-23T04:28:00,True,0.85614,0.85615,0.85614,0.85614,7
2024-01-23T04:29:00,True,0.85616,0.85616,0.85614,0.85616,14
2024-01-23T04:30:00,True,0.85616,0.85616,0.85613,0.85614,7
2024-01-23T04:31:00,True,0.85614,0.85614,0.85612,0.85614,4
2024-01-23T04:32:00,True,0.85616,0.85616,0.85614,0.85614,2
2024-01-23T04:33:00,True,0.85615,0.85616,0.85614,0.85616,5
2024-01-23T04:34:00,True,0.85616,0.85618,0.85616,0.85618,4
2024-01-23T04:35:00,True,0.85618,0.85618,0.85618,0.85618,5
2024-01-23T04:36:00,True,0.85620,0.85620,0.85618,0.85618,5
2024-01-23T04:37:00,True,0.85618,0.85618,0.85616,0.85616,5
2024-01-23T04:38:00,True,0.85616,0.85617,0.85616,0.85616,10
2024-01-23T04:39:00,True,0.85616,0.85616,0.85614,0.85614,6
2024-01-23T04:40:00,True,0.85614,0.85614,0.85608,0.85610,9
2024-01-23T04:41:00,True,0.85608,0.85610,0.85605,0.85606,13
2024-01-23T04:42:00,True,0.85606,0.85606,0.85606,0.85606,12
2024-01-23T04:43:00,True,0.85606,0.85606,0.85606,0.85606,8
2024-01-23T04:44:00,True,0.85606,0.85606,0.85606,0.85606,2
2024-01-23T04:45:00,True,0.85602,0.85602,0.85600,0.85600,8
2024-01-23T04:46:00,True,0.85599,0.85600,0.85599,0.85600,2
2024-01-23T04:47:00,True,0.85601,0.85604,0.85600,0.85604,12
2024-01-23T04:48:00,True,0.85604,0.85611,0.85604,0.85610,20
2024-01-23T04:49:00,True,0.85610,0.85612,0.85608,0.85611,10
2024-01-23T04:50:00,True,0.85611,0.85612,0.85608,0.85609,13
2024-01-23T04:51:00,True,0.85608,0.85610,0.85608,0.85608,26
2024-01-23T04:52:00,True,0.85610,0.85612,0.85610,0.85612,11
2024-01-23T04:53:00,True,0.85610,0.85614,0.85610,0.85610,21
2024-01-23T04:54:00,True,0.85610,0.85611,0.85610,0.85611,8
2024-01-23T04:55:00,True,0.85610,0.85612,0.85604,0.85604,22
2024-01-23T04:56:00,True,0.85608,0.85608,0.85604,0.85607,23
2024-01-23T04:57:00,True,0.85608,0.85614,0.85606,0.85613,29
2024-01-23T04:58:00,True,0.85614,0.85619,0.85614,0.85618,14
2024-01-23T04:59:00,True,0.85621,0.85624,0.85621,0.85624,13
2024-01-23T05:00:00,True,0.85626,0.85630,0.85624,0.85628,18
2024-01-23T05:01:00,True,0.85629,0.85630,0.85626,0.85630,10
2024-01-23T05:02:00,True,0.85629,0.85630,0.85627,0.85628,18
2024-01-23T05:03:00,True,0.85628,0.85629,0.85623,0.85624,23
2024-01-23T05:04:00,True,0.85624,0.85625,0.85620,0.85622,12
2024-01-23T05:05:00,True,0.85623,0.85626,0.85622,0.85624,13
2024-01-23T05:06:00,True,0.85625,0.85626,0.85624,0.85626,17
2024-01-23T05:07:00,True,0.85624,0.85626,0.85622,0.85624,23
2024-01-23T05:08:00,True,0.85625,0.85625,0.85621,0.85622,14
2024-01-23T05:09:00,True,0.85622,0.85622,0.85621,0.85622,21
2024-01-23T05:10:00,True,0.85620,0.85627,0.85620,0.85624,11
2024-01-23T05:11:00,True,0.85626,0.85626,0.85626,0.85626,1
2024-01-23T05:12:00,True,0.85626,0.85626,0.85624,0.85624,12
2024-01-23T05:13:00,True,0.85626,0.85626,0.85620,0.85621,18
2024-01-23T05:14:00,True,0.85620,0.85622,0.85620,0.85622,20
2024-01-23T05:15:00,True,0.85622,0.85624,0.85621,0.85622,13
2024-01-23T05:16:00,True,0.85622,0.85626,0.85621,0.85626,10
2024-01-23T05:17:00,True,0.85626,0.85626,0.85624,0.85626,5
2024-01-23T05:18:00,True,0.85626,0.85626,0.85626,0.85626,2
2024-01-23T05:19:00,True,0.85626,0.85628,0.85626,0.85627,6
2024-01-23T05:20:00,True,0.85626,0.85626,0.85617,0.85617,13
2024-01-23T05:21:00,True,0.85618,0.85619,0.85617,0.85617,4
2024-01-23T05:22:00,True,0.85618,0.85618,0.85618,0.85618,1
2024-01-23T05:23:00,True,0.85617,0.85620,0.85617,0.85620,4
2024-01-23T05:24:00,True,0.85619,0.85624,0.85619,0.85624,6
2024-01-23T05:25:00,True,0.85625,0.85625,0.85622,0.85622,10
2024-01-23T05:26:00,True,0.85622,0.85624,0.85622,0.85624,14
2024-01-23T05:27:00,True,0.85623,0.85624,0.85622,0.85622,4
2024-01-23T05:28:00,True,0.85623,0.85625,0.85623,0.85624,22
2024-01-23T05:29:00,True,0.85625,0.85625,0.85622,0.85622,14
2024-01-23T05:30:00,True,0.85619,0.85624,0.85616,0.85616,23
2024-01-23T05:31:00,True,0.85619,0.85619,0.85612,0.85616,17
2024-01-23T05:32:00,True,0.85618,0.85618,0.85614,0.85616,25
2024-01-23T05:33:00,True,0.85614,0.85616,0.85614,0.85616,15
2024-01-23T05:34:00,True,0.85616,0.85620,0.85614,0.85614,48
2024-01-23T05:35:00,True,0.85616,0.85616,0.85610,0.85611,23
2024-01-23T05:36:00,True,0.85610,0.85620,0.85610,0.85618,41
2024-01-23T05:37:00,True,0.85618,0.85622,0.85618,0.85622,10
2024-01-23T05:38:00,True,0.85622,0.85622,0.85620,0.85621,6
2024-01-23T05:39:00,True,0.85621,0.85624,0.85620,0.85624,13
2024-01-23T05:40:00,True,0.85622,0.85624,0.85620,0.85620,11
2024-01-23T05:41:00,True,0.85622,0.85622,0.85620,0.85621,3
2024-01-23T05:42:00,True,0.85621,0.85622,0.85621,0.85622,8
2024-01-23T05:43:00,True,0.85625,0.85625,0.85622,0.85624,10
2024-01-23T05:44:00,True,0.85624,0.85630,0.85624,0.85628,12
2024-01-23T05:45:00,True,0.85624,0.85624,0.85618,0.85620,25
2024-01-23T05:46:00,True,0.85618,0.85621,0.85618,0.85620,10
2024-01-23T05:47:00,True,0.85618,0.85620,0.85616,0.85618,24
2024-01-23T05:48:00,True,0.85617,0.85622,0.85616,0.85621,14
2024-01-23T05:49:00,True,0.85623,0.85624,0.85622,0.85624,8
2024-01-23T05:50:00,True,0.85623,0.85624,0.85622,0.85622,9
2024-01-23T05:51:00,True,0.85624,0.85626,0.85622,0.85626,7
2024-01-23T05:52:00,True,0.85630,0.85630,0.85625,0.85627,19
2024-01-23T05:53:00,True,0.85624,0.85630,0.85624,0.85630,18
2024-01-23T05:54:00,True,0.85630,0.85630,0.85628,0.85629,25
2024-01-23T05:55:00,True,0.85628,0.85628,0.85626,0.85626,21
2024-01-23T05:56:00,True,0.85624,0.85635,0.85624,0.85635,10
2024-01-23T05:57:00,True,0.85634,0.85634,0.85627,0.85628,22
2024-01-23T05:58:00,True,0.85629,0.85630,0.85629,0.85629,11
2024-01-23T05:59:00,True,0.85626,0.85630,0.85624,0.85629,11
2024-01-23T06:00:00,True,0.85630,0.85630,0.85618,0.85618,30
2024-01-23T06:01:00,True,0.85616,0.85622,0.85616,0.85619,18
2024-01-23T06:02:00,True,0.85616,0.85617,0.85616,0.85617,3
2024-01-23T06:03:00,True,0.85618,0.85618,0.85612,0.85614,36
2024-01-23T06:04:00,True,0.85614,0.85615,0.85610,0.85611,19
2024-01-23T06:05:00,True,0.85610,0.85612,0.85606,0.85608,23
2024-01-23T06:06:00,True,0.85606,0.85612,0.85606,0.85609,19
2024-01-23T06:07:00,True,0.85608,0.85612,0.85604,0.85610,44
2024-01-23T06:08:00,True,0.85608,0.85610,0.85604,0.85606,21
2024-01-23T06:09:00,True,0.85605,0.85606,0.85602,0.85602,18
2024-01-23T06:10:00,True,0.85603,0.85607,0.85600,0.85603,22
2024-01-23T06:11:00,True,0.85602,0.85604,0.85599,0.85599,25
2024-01-23T06:12:00,True,0.85600,0.85603,0.85599,0.85602,33
2024-01-23T06:13:00,True,0.85602,0.85604,0.85598,0.85604,19
2024-01-23T06:14:00,True,0.85602,0.85606,0.85598,0.85602,18
2024-01-23T06:15:00,True,0.85602,0.85608,0.85602,0.85604,14
2024-01-23T06:16:00,True,0.85606,0.85606,0.85602,0.85602,17
2024-01-23T06:17:00,True,0.85602,0.85608,0.85601,0.85608,17
2024-01-23T06:18:00,True,0.85606,0.85607,0.85605,0.85605,12
2024-01-23T06:19:00,True,0.85606,0.85606,0.85604,0.85604,12
2024-01-23T06:20:00,True,0.85604,0.85604,0.85604,0.85604,3
2024-01-23T06:21:00,True,0.85606,0.85606,0.85602,0.85602,15
2024-01-23T06:22:00,True,0.85602,0.85605,0.85602,0.85605,24
2024-01-23T06:23:00,True,0.85607,0.85609,0.85606,0.85606,7
2024-01-23T06:24:00,True,0.85604,0.85604,0.85602,0.85602,9
2024-01-23T06:25:00,True,0.85602,0.85602,0.85600,0.85600,13
2024-01-23T06:26:00,True,0.85601,0.85605,0.85600,0.85601,28
2024-01-23T06:27:00,True,0.85600,0.85601,0.85586,0.85591,35
2024-01-23T06:28:00,True,0.85591,0.85597,0.85587,0.85594,30
2024-01-23T06:29:00,True,0.85593,0.85594,0.85588,0.85590,33
2024-01-23T06:30:00,True,0.85590,0.85594,0.85584,0.85586,37
2024-01-23T06:31:00,True,0.85586,0.85590,0.85583,0.85586,29
2024-01-23T06:32:00,True,0.85585,0.85587,0.85583,0.85584,20
2024-01-23T06:33:00,True,0.85585,0.85587,0.85584,0.85584,14
2024-01-23T06:34:00,True,0.85585,0.85593,0.85584,0.85592,24
2024-01-23T06:35:00,True,0.85592,0.85592,0.85587,0.85589,25
2024-01-23T06:36:00,True,0.85589,0.85591,0.85586,0.85588,14
2024-01-23T06:37:00,True,0.85588,0.85591,0.85584,0.85591,22
2024-01-23T06:38:00,True,0.85590,0.85604,0.85590,0.85596,61
2024-01-23T06:39:00,True,0.85598,0.85600,0.85588,0.85590,29
2024-01-23T06:40:00,True,0.85589,0.85594,0.85585,0.85594,43
2024-01-23T06:41:00,True,0.85592,0.85593,0.85590,0.85590,17
2024-01-23T06:42:00,True,0.85590,0.85590,0.85586,0.85588,17
2024-01-23T06:43:00,True,0.85587,0.85587,0.85582,0.85584,29
2024-01-23T06:44:00,True,0.85586,0.85588,0.85582,0.85588,53
2024-01-23T06:45:00,True,0.85590,0.85591,0.85586,0.85587,35
2024-01-23T06:46:00,True,0.85587,0.85591,0.85586,0.85588,29
2024-01-23T06:47:00,True,0.85589,0.85591,0.85586,0.85590,45
2024-01-23T06:48:00,True,0.85591,0.85607,0.85590,0.85600,52
2024-01-23T06:49:00,True,0.85598,0.85604,0.85592,0.85600,35
2024-01-23T06:50:00,True,0.85601,0.85610,0.85599,0.85610,53
2024-01-23T06:51:00,True,0.85610,0.85611,0.85606,0.85608,39
2024-01-23T06:52:00,True,0.85606,0.85609,0.85602,0.85603,30
2024-01-23T06:53:00,True,0.85602,0.85610,0.85600,0.85610,77
2024-01-23T06:54:00,True,0.85610,0.85616,0.85608,0.85609,91
2024-01-23T06:55:00,True,0.85607,0.85624,0.85606,0.85621,55
2024-01-23T06:56:00,True,0.85620,0.85621,0.85610,0.85620,57
2024-01-23T06:57:00,True,0.85620,0.85626,0.85618,0.85624,67
2024-01-23T06:58:00,True,0.85624,0.85625,0.85623,0.85624,28
2024-01-23T06:59:00,True,0.85624,0.85629,0.85624,0.85628,29
2024-01-23T07:00:00,True,0.85629,0.85636,0.85628,0.85636,47
2024-01-23T07:01:00,True,0.85636,0.85636,0.85622,0.85622,42
2024-01-23T07:02:00,True,0.85616,0.85624,0.85616,0.85623,38
2024-01-23T07:03:00,True,0.85624,0.85626,0.85610,0.85624,54
2024-01-23T07:04:00,True,0.85622,0.85630,0.85619,0.85628,46
2024-01-23T07:05:00,True,0.85628,0.85630,0.85626,0.85629,40
2024-01-23T07:06:00,True,0.85626,0.85626,0.85620,0.85626,63
2024-01-23T07:07:00,True,0.85626,0.85628,0.85623,0.85628,39
2024-01-23T07:08:00,True,0.85628,0.85630,0.85624,0.85628,56
2024-01-23T07:09:00,True,0.85629,0.85631,0.85626,0.85626,32
2024-01-23T07:10:00,True,0.85625,0.85635,0.85625,0.85635,59
2024-01-23T07:11:00,True,0.85634,0.85640,0.85633,0.85636,12
2024-01-23T07:12:00,True,0.85634,0.85638,0.85630,0.85638,21
2024-01-23T07:13:00,True,0.85640,0.85640,0.85636,0.85636,14
2024-01-23T07:14:00,True,0.85633,0.85634,0.85630,0.85634,13
2024-01-23T07:15:00,True,0.85639,0.85642,0.85634,0.85634,27
2024-01-23T07:16:00,True,0.85634,0.85636,0.85629,0.85631,45
2024-01-23T07:17:00,True,0.85630,0.85642,0.85629,0.85639,41
2024-01-23T07:18:00,True,0.85638,0.85644,0.85638,0.85638,48
2024-01-23T07:19:00,True,0.85638,0.85650,0.85637,0.85645,41
2024-01-23T07:20:00,True,0.85644,0.85646,0.85640,0.85643,57
2024-01-23T07:21:00,True,0.85643,0.85650,0.85638,0.85638,61
2024-01-23T07:22:00,True,0.85638,0.85644,0.85638,0.85642,27
2024-01-23T07:23:00,True,0.85641,0.85646,0.85638,0.85638,45
2024-01-23T07:24:00,True,0.85636,0.85640,0.85634,0.85638,30
2024-01-23T07:25:00,True,0.85638,0.85646,0.85634,0.85646,33
2024-01-23T07:26:00,True,0.85646,0.85648,0.85640,0.85644,27
2024-01-23T07:27:00,True,0.85644,0.85644,0.85638,0.85638,29
2024-01-23T07:28:00,True,0.85638,0.85640,0.85631,0.85633,45
2024-01-23T07:29:00,True,0.85631,0.85633,0.85627,0.85630,29
2024-01-23T07:30:00,True,0.85632,0.85650,0.85632,0.85647,58
2024-01-23T07:31:00,True,0.85648,0.85650,0.85639,0.85640,69
2024-01-23T07:32:00,True,0.85641,0.85655,0.85640,0.85651,47
2024-01-23T07:33:00,True,0.85650,0.85650,0.85638,0.85638,36
2024-01-23T07:34:00,True,0.85638,0.85640,0.85630,0.85630,20
2024-01-23T07:35:00,True,0.85632,0.85632,0.85627,0.85630,23
2024-01-23T07:36:00,True,0.85629,0.85630,0.85626,0.85629,20
2024-01-23T07:37:00,True,0.85628,0.85630,0.85628,0.85628,17
2024-01-23T07:38:00,True,0.85626,0.85627,0.85624,0.85624,18
2024-01-23T07:39:00,True,0.85624,0.85624,0.85622,0.85622,24
2024-01-23T07:40:00,True,0.85622,0.85622,0.85603,0.85603,30
2024-01-23T07:41:00,True,0.85604,0.85604,0.85595,0.85598,15
2024-01-23T07:42:00,True,0.85595,0.85604,0.85594,0.85601,22
2024-01-23T07:43:00,True,0.85603,0.85604,0.85598,0.85598,8
2024-01-23T07:44:00,True,0.85596,0.85601,0.85594,0.85601,10
2024-01-23T07:45:00,True,0.85600,0.85612,0.85600,0.85612,25
2024-01-23T07:46:00,True,0.85611,0.85614,0.85611,0.85612,8
2024-01-23T07:47:00,True,0.85613,0.85614,0.85608,0.85608,27
2024-01-23T07:48:00,True,0.85610,0.85610,0.85602,0.85604,20
2024-01-23T07:49:00,True,0.85604,0.85606,0.85598,0.85600,18
2024-01-23T07:50:00,True,0.85598,0.85606,0.85598,0.85606,28
2024-01-23T07:51:00,True,0.85605,0.85614,0.85605,0.85612,32
2024-01-23T07:52:00,True,0.85612,0.85614,0.85608,0.85608,22
2024-01-23T07:53:00,True,0.85608,0.85610,0.85601,0.85610,32
2024-01-23T07:54:00,True,0.85610,0.85614,0.85610,0.85613,28
2024-01-23T07:55:00,True,0.85612,0.85622,0.85612,0.85617,32
2024-01-23T07:56:00,True,0.85614,0.85618,0.85612,0.85614,28
2024-01-23T07:57:00,True,0.85616,0.85624,0.85614,0.85614,35
2024-01-23T07:58:00,True,0.85614,0.85614,0.85607,0.85608,18
2024-01-23T07:59:00,True,0.85606,0.85609,0.85605,0.85608,34
2024-01-23T08:00:00,True,0.85608,0.85622,0.85606,0.85618,90
2024-01-23T08:01:00,True,0.85618,0.85618,0.85603,0.85614,51
2024-01-23T08:02:00,True,0.85616,0.85622,0.85612,0.85622,49
2024-01-23T08:03:00,True,0.85622,0.85622,0.85614,0.85616,41
2024-01-23T08:04:00,True,0.85614,0.85616,0.85610,0.85610,31
2024-01-23T08:05:00,True,0.85611,0.85612,0.85604,0.85605,34
2024-01-23T08:06:00,True,0.85604,0.85604,0.85595,0.85598,35
2024-01-23T08:07:00,True,0.85599,0.85602,0.85595,0.85596,30
2024-01-23T08:08:00,True,0.85595,0.85595,0.85584,0.85587,39
2024-01-23T08:09:00,True,0.85587,0.85592,0.85584,0.85588,50
2024-01-23T08:10:00,True,0.85586,0.85600,0.85586,0.85600,34
2024-01-23T08:11:00,True,0.85601,0.85606,0.85596,0.85602,45
2024-01-23T08:12:00,True,0.85604,0.85610,0.85602,0.85610,53
2024-01-23T08:13:00,True,0.85608,0.85608,0.85604,0.85604,23
2024-01-23T08:14:00,True,0.85604,0.85606,0.85599,0.85604,43
2024-01-23T08:15:00,True,0.85602,0.85610,0.85600,0.85610,45
2024-01-23T08:16:00,True,0.85608,0.85614,0.85607,0.85613,36
2024-01-23T08:17:00,True,0.85611,0.85620,0.85611,0.85616,22
2024-01-23T08:18:00,True,0.85618,0.85623,0.85614,0.85623,28
2024-01-23T08:19:00,True,0.85620,0.85629,0.85619,0.85625,62
2024-01-23T08:20:00,True,0.85624,0.85630,0.85620,0.85621,58
2024-01-23T08:21:00,True,0.85621,0.85626,0.85620,0.85624,32
2024-01-23T08:22:00,True,0.85624,0.85631,0.85620,0.85621,28
2024-01-23T08:23:00,True,0.85622,0.85622,0.85613,0.85614,20
2024-01-23T08:24:00,True,0.85614,0.85620,0.85614,0.85618,20
2024-01-23T08:25:00,True,0.85618,0.85618,0.85612,0.85612,30
2024-01-23T08:26:00,True,0.85614,0.85618,0.85614,0.85618,33
2024-01-23T08:27:00,True,0.85620,0.85620,0.85614,0.85614,47
2024-01-23T08:28:00,True,0.85612,0.85614,0.85604,0.85614,31
2024-01-23T08:29:00,True,0.85614,0.85614,0.85607,0.85608,77
2024-01-23T08:30:00,True,0.85607,0.85610,0.85603,0.85608,45
2024-01-23T08:31:00,True,0.85607,0.85608,0.85598,0.85600,49
2024-01-23T08:32:00,True,0.85602,0.85610,0.85602,0.85606,23
2024-01-23T08:33:00,True,0.85607,0.85610,0.85606,0.85606,31
2024-01-23T08:34:00,True,0.85608,0.85610,0.85604,0.85608,41
2024-01-23T08:35:00,True,0.85610,0.85610,0.85602,0.85609,26
2024-01-23T08:36:00,True,0.85609,0.85616,0.85609,0.85610,41
2024-01-23T08:37:00,True,0.85612,0.85614,0.85601,0.85603,71
2024-01-23T08:38:00,True,0.85600,0.85601,0.85597,0.85598,16
2024-01-23T08:39:00,True,0.85598,0.85604,0.85595,0.85604,33
2024-01-23T08:40:00,True,0.85602,0.85604,0.85598,0.85598,50
2024-01-23T08:41:00,True,0.85598,0.85600,0.85598,0.85600,39
2024-01-23T08:42:00,True,0.85599,0.85599,0.85586,0.85590,43
2024-01-23T08:43:00,True,0.85591,0.85594,0.85583,0.85591,42
2024-01-23T08:44:00,True,0.85590,0.85600,0.85589,0.85599,27
2024-01-23T08:45:00,True,0.85600,0.85606,0.85599,0.85602,48
2024-01-23T08:46:00,True,0.85602,0.85602,0.85597,0.85602,33
2024-01-23T08:47:00,True,0.85602,0.85606,0.85599,0.85606,17
2024-01-23T08:48:00,True,0.85603,0.85604,0.85598,0.85598,26
2024-01-23T08:49:00,True,0.85596,0.85604,0.85596,0.85602,37
2024-01-23T08:50:00,True,0.85602,0.85608,0.85602,0.85605,40
2024-01-23T08:51:00,True,0.85604,0.85605,0.85596,0.85596,32
2024-01-23T08:52:00,True,0.85592,0.85593,0.85586,0.85592,21
2024-01-23T08:53:00,True,0.85592,0.85596,0.85590,0.85594,20
2024-01-23T08:54:00,True,0.85596,0.85598,0.85593,0.85596,41
2024-01-23T08:55:00,True,0.85594,0.85596,0.85585,0.85586,33
2024-01-23T08:56:00,True,0.85585,0.85585,0.85578,0.85580,15
2024-01-23T08:57:00,True,0.85578,0.85578,0.85574,0.85574,14
2024-01-23T08:58:00,True,0.85572,0.85574,0.85566,0.85572,23
2024-01-23T08:59:00,True,0.85574,0.85578,0.85574,0.85577,20
2024-01-23T09:00:00,True,0.85578,0.85586,0.85575,0.85586,24
2024-01-23T09:01:00,True,0.85585,0.85585,0.85578,0.85578,18
2024-01-23T09:02:00,True,0.85578,0.85585,0.85575,0.85585,21
2024-01-23T09:03:00,True,0.85584,0.85585,0.85575,0.85576,12
2024-01-23T09:04:00,True,0.85579,0.85583,0.85577,0.85581,17
2024-01-23T09:05:00,True,0.85580,0.85586,0.85576,0.85576,21
2024-01-23T09:06:00,True,0.85574,0.85576,0.85565,0.85570,34
2024-01-23T09:07:00,True,0.85568,0.85570,0.85564,0.85566,46
2024-01-23T09:08:00,True,0.85567,0.85568,0.85565,0.85568,25
2024-01-23T09:09:00,True,0.85568,0.85570,0.85566,0.85566,28
2024-01-23T09:10:00,True,0.85564,0.85564,0.85558,0.85564,29
2024-01-23T09:11:00,True,0.85565,0.85570,0.85563,0.85568,34
2024-01-23T09:12:00,True,0.85568,0.85572,0.85563,0.85570,16
2024-01-23T09:13:00,True,0.85568,0.85568,0.85562,0.85564,21
2024-01-23T09:14:00,True,0.85564,0.85565,0.85560,0.85560,18
2024-01-23T09:15:00,True,0.85558,0.85562,0.85552,0.85560,32
2024-01-23T09:16:00,True,0.85557,0.85557,0.85552,0.85552,25
2024-01-23T09:17:00,True,0.85552,0.85553,0.85552,0.85553,24
2024-01-23T09:18:00,True,0.85552,0.85556,0.85552,0.85555,20
2024-01-23T09:19:00,True,0.85553,0.85566,0.85552,0.85560,40
2024-01-23T09:20:00,True,0.85563,0.85570,0.85562,0.85563,30
2024-01-23T09:21:00,True,0.85564,0.85568,0.85560,0.85568,20
2024-01-23T09:22:00,True,0.85568,0.85570,0.85562,0.85570,40
2024-01-23T09:23:00,True,0.85572,0.85572,0.85570,0.85570,24
2024-01-23T09:24:00,True,0.85568,0.85569,0.85562,0.85568,53
2024-01-23T09:25:00,True,0.85568,0.85574,0.85568,0.85573,29
2024-01-23T09:26:00,True,0.85571,0.85571,0.85553,0.85555,15
2024-01-23T09:27:00,True,0.85553,0.85559,0.85553,0.85557,8
2024-01-23T09:28:00,True,0.85559,0.85562,0.85557,0.85559,16
2024-01-23T09:29:00,True,0.85562,0.85563,0.85560,0.85561,7
2024-01-23T09:30:00,True,0.85563,0.85564,0.85560,0.85564,13
2024-01-23T09:31:00,True,0.85563,0.85568,0.85562,0.85564,26
2024-01-23T09:32:00,True,0.85565,0.85566,0.85563,0.85566,24
2024-01-23T09:33:00,True,0.85566,0.85568,0.85563,0.85566,35
2024-01-23T09:34:00,True,0.85567,0.85571,0.85564,0.85570,25
2024-01-23T09:35:00,True,0.85570,0.85572,0.85569,0.85570,24
2024-01-23T09:36:00,True,0.85570,0.85571,0.85566,0.85570,39
2024-01-23T09:37:00,True,0.85570,0.85572,0.85564,0.85572,27
2024-01-23T09:38:00,True,0.85572,0.85578,0.85572,0.85578,29
2024-01-23T09:39:00,True,0.85580,0.85580,0.85576,0.85576,45
2024-01-23T09:40:00,True,0.85576,0.85576,0.85570,0.85570,27
2024-01-23T09:41:00,True,0.85570,0.85570,0.85563,0.85563,27
2024-01-23T09:42:00,True,0.85562,0.85567,0.85559,0.85567,31
2024-01-23T09:43:00,True,0.85567,0.85572,0.85566,0.85572,34
2024-01-23T09:44:00,True,0.85574,0.85576,0.85574,0.85574,18
2024-01-23T09:45:00,True,0.85576,0.85580,0.85574,0.85576,33
2024-01-23T09:46:00,True,0.85577,0.85579,0.85570,0.85570,20
2024-01-23T09:47:00,True,0.85570,0.85572,0.85568,0.85572,17
2024-01-23T09:48:00,True,0.85570,0.85570,0.85556,0.85560,43
2024-01-23T09:49:00,True,0.85559,0.85560,0.85557,0.85557,25
2024-01-23T09:50:00,True,0.85559,0.85559,0.85554,0.85554,9
2024-01-23T09:51:00,True,0.85556,0.85556,0.85552,0.85552,4
2024-01-23T09:52:00,True,0.85553,0.85555,0.85550,0.85551,15
2024-01-23T09:53:00,True,0.85550,0.85552,0.85542,0.85544,29
2024-01-23T09:54:00,True,0.85542,0.85542,0.85537,0.85542,27
2024-01-23T09:55:00,True,0.85542,0.85543,0.85536,0.85541,34
2024-01-23T09:56:00,True,0.85542,0.85542,0.85534,0.85536,36
2024-01-23T09:57:00,True,0.85538,0.85542,0.85536,0.85538,28
2024-01-23T09:58:00,True,0.85539,0.85539,0.85529,0.85533,40
2024-01-23T09:59:00,True,0.85534,0.85540,0.85532,0.85536,34
2024-01-23T10:00:00,True,0.85538,0.85542,0.85536,0.85541,40
2024-01-23T10:01:00,True,0.85543,0.85550,0.85542,0.85546,57
2024-01-23T10:02:00,True,0.85548,0.85548,0.85543,0.85544,36
2024-01-23T10:03:00,True,0.85544,0.85547,0.85542,0.85542,31
2024-01-23T10:04:00,True,0.85544,0.85548,0.85542,0.85542,32
2024-01-23T10:05:00,True,0.85542,0.85542,0.85536,0.85538,30
2024-01-23T10:06:00,True,0.85538,0.85541,0.85537,0.85539,41
2024-01-23T10:07:00,True,0.85538,0.85539,0.85538,0.85538,12
2024-01-23T10:08:00,True,0.85536,0.85540,0.85535,0.85536,17
2024-01-23T10:09:00,True,0.85536,0.85538,0.85531,0.85536,17
2024-01-23T10:10:00,True,0.85536,0.85538,0.85526,0.85534,35
2024-01-23T10:11:00,True,0.85534,0.85544,0.85534,0.85544,16
2024-01-23T10:12:00,True,0.85545,0.85547,0.85540,0.85545,27
2024-01-23T10:13:00,True,0.85545,0.85551,0.85542,0.85542,39
2024-01-23T10:14:00,True,0.85544,0.85544,0.85532,0.85536,36
2024-01-23T10:15:00,True,0.85536,0.85538,0.85534,0.85536,11
2024-01-23T10:16:00,True,0.85537,0.85544,0.85536,0.85539,51
2024-01-23T10:17:00,True,0.85540,0.85540,0.85531,0.85531,48
2024-01-23T10:18:00,True,0.85532,0.85534,0.85530,0.85530,25
2024-01-23T10:19:00,True,0.85530,0.85534,0.85526,0.85534,26
2024-01-23T10:20:00,True,0.85536,0.85536,0.85527,0.85532,26
2024-01-23T10:21:00,True,0.85530,0.85535,0.85527,0.85528,23
2024-01-23T10:22:00,True,0.85528,0.85532,0.85526,0.85526,11
2024-01-23T10:23:00,True,0.85525,0.85525,0.85521,0.85521,16
2024-01-23T10:24:00,True,0.85522,0.85525,0.85522,0.85522,25
2024-01-23T10:25:00,True,0.85523,0.85525,0.85520,0.85523,26
2024-01-23T10:26:00,True,0.85524,0.85534,0.85523,0.85534,29
2024-01-23T10:27:00,True,0.85532,0.85532,0.85527,0.85530,53
2024-01-23T10:28:00,True,0.85529,0.85535,0.85522,0.85534,38
2024-01-23T10:29:00,True,0.85534,0.85537,0.85530,0.85537,21
2024-01-23T10:30:00,True,0.85538,0.85542,0.85536,0.85538,34
2024-01-23T10:31:00,True,0.85538,0.85539,0.85534,0.85538,23
2024-01-23T10:32:00,True,0.85538,0.85539,0.85530,0.85532,25
2024-01-23T10:33:00,True,0.85532,0.85540,0.85532,0.85538,31
2024-01-23T10:34:00,True,0.85540,0.85542,0.85538,0.85542,21
2024-01-23T10:35:00,True,0.85544,0.85544,0.85540,0.85540,32
2024-01-23T10:36:00,True,0.85536,0.85536,0.85526,0.85526,22
2024-01-23T10:37:00,True,0.85526,0.85526,0.85520,0.85521,27
2024-01-23T10:38:00,True,0.85520,0.85522,0.85516,0.85520,29
2024-01-23T10:39:00,True,0.85521,0.85524,0.85518,0.85524,22
2024-01-23T10:40:00,True,0.85524,0.85524,0.85522,0.85522,19
2024-01-23T10:41:00,True,0.85524,0.85524,0.85522,0.85522,7
2024-01-23T10:42:00,True,0.85520,0.85523,0.85520,0.85521,14
2024-01-23T10:43:00,True,0.85524,0.85526,0.85522,0.85522,13
2024-01-23T10:44:00,True,0.85523,0.85528,0.85522,0.85528,9
2024-01-23T10:45:00,True,0.85528,0.85528,0.85522,0.85522,11
2024-01-23T10:46:00,True,0.85522,0.85524,0.85517,0.85518,24
2024-01-23T10:47:00,True,0.85518,0.85518,0.85502,0.85506,39
2024-01-23T10:48:00,True,0.85508,0.85512,0.85506,0.85509,31
2024-01-23T10:49:00,True,0.85511,0.85514,0.85501,0.85502,41
2024-01-23T10:50:00,True,0.85500,0.85508,0.85500,0.85507,22
2024-01-23T10:51:00,True,0.85506,0.85507,0.85500,0.85500,19
2024-01-23T10:52:00,True,0.85501,0.85506,0.85500,0.85502,30
2024-01-23T10:53:00,True,0.85503,0.85506,0.85502,0.85502,25
2024-01-23T10:54:00,True,0.85503,0.85511,0.85502,0.85508,27
2024-01-23T10:55:00,True,0.85508,0.85510,0.85482,0.85482,47
2024-01-23T10:56:00,True,0.85484,0.85498,0.85484,0.85496,25
2024-01-23T10:57:00,True,0.85498,0.85500,0.85492,0.85497,47
2024-01-23T10:58:00,True,0.85494,0.85503,0.85492,0.85498,72
2024-01-23T10:59:00,True,0.85497,0.85503,0.85492,0.85503,49
2024-01-23T11:00:00,True,0.85503,0.85504,0.85498,0.85498,74
2024-01-23T11:01:00,True,0.85497,0.85509,0.85496,0.85502,73
2024-01-23T11:02:00,True,0.85503,0.85504,0.85496,0.85502,50
2024-01-23T11:03:00,True,0.85503,0.85504,0.85493,0.85501,30
2024-01-23T11:04:00,True,0.85500,0.85500,0.85495,0.85497,25
2024-01-23T11:05:00,True,0.85500,0.85500,0.85496,0.85498,25
2024-01-23T11:06:00,True,0.85499,0.85508,0.85498,0.85502,39
2024-01-23T11:07:00,True,0.85502,0.85510,0.85502,0.85507,38
2024-01-23T11:08:00,True,0.85504,0.85508,0.85503,0.85508,33
2024-01-23T11:09:00,True,0.85508,0.85515,0.85506,0.85510,45
2024-01-23T11:10:00,True,0.85512,0.85514,0.85510,0.85510,19
2024-01-23T11:11:00,True,0.85508,0.85516,0.85508,0.85510,33
2024-01-23T11:12:00,True,0.85511,0.85512,0.85506,0.85510,24
2024-01-23T11:13:00,True,0.85510,0.85511,0.85506,0.85508,16
2024-01-23T11:14:00,True,0.85508,0.85511,0.85502,0.85505,13
2024-01-23T11:15:00,True,0.85506,0.85512,0.85502,0.85510,38
2024-01-23T11:16:00,True,0.85509,0.85512,0.85506,0.85508,24
2024-01-23T11:17:00,True,0.85508,0.85509,0.85502,0.85504,32
2024-01-23T11:18:00,True,0.85502,0.85503,0.85494,0.85496,25
2024-01-23T11:19:00,True,0.85496,0.85502,0.85496,0.85499,41
2024-01-23T11:20:00,True,0.85501,0.85509,0.85498,0.85509,24
2024-01-23T11:21:00,True,0.85510,0.85512,0.85505,0.85512,47
2024-01-23T11:22:00,True,0.85512,0.85516,0.85510,0.85512,24
2024-01-23T11:23:00,True,0.85514,0.85518,0.85508,0.85508,28
2024-01-23T11:24:00,True,0.85511,0.85512,0.85505,0.85507,54
2024-01-23T11:25:00,True,0.85506,0.85514,0.85500,0.85504,39
2024-01-23T11:26:00,True,0.85505,0.85508,0.85502,0.85508,17
2024-01-23T11:27:00,True,0.85506,0.85511,0.85502,0.85502,58
2024-01-23T11:28:00,True,0.85502,0.85521,0.85502,0.85515,43
2024-01-23T11:29:00,True,0.85514,0.85517,0.85508,0.85514,49
2024-01-23T11:30:00,True,0.85515,0.85515,0.85508,0.85509,31
2024-01-23T11:31:00,True,0.85510,0.85515,0.85509,0.85515,21
2024-01-23T11:32:00,True,0.85513,0.85515,0.85508,0.85512,28
2024-01-23T11:33:00,True,0.85511,0.85515,0.85511,0.85511,7
2024-01-23T11:34:00,True,0.85515,0.85524,0.85513,0.85524,27
2024-01-23T11:35:00,True,0.85524,0.85524,0.85515,0.85521,36
2024-01-23T11:36:00,True,0.85525,0.85529,0.85522,0.85524,13
2024-01-23T11:37:00,True,0.85523,0.85532,0.85518,0.85520,38
2024-01-23T11:38:00,True,0.85521,0.85521,0.85517,0.85521,11
2024-01-23T11:39:00,True,0.85524,0.85526,0.85522,0.85525,17
2024-01-23T11:40:00,True,0.85526,0.85530,0.85520,0.85522,36
2024-01-23T11:41:00,True,0.85520,0.85528,0.85520,0.85522,29
2024-01-23T11:42:00,True,0.85520,0.85529,0.85517,0.85525,53
2024-01-23T11:43:00,True,0.85525,0.85530,0.85520,0.85528,33
2024-01-23T11:44:00,True,0.85530,0.85530,0.85520,0.85522,40
2024-01-23T11:45:00,True,0.85522,0.85526,0.85517,0.85518,28
2024-01-23T11:46:00,True,0.85518,0.85522,0.85517,0.85520,24
2024-01-23T11:47:00,True,0.85521,0.85522,0.85515,0.85521,54
2024-01-23T11:48:00,True,0.85522,0.85524,0.85516,0.85524,45
2024-01-23T11:49:00,True,0.85522,0.85528,0.85520,0.85528,31
2024-01-23T11:50:00,True,0.85530,0.85530,0.85526,0.85526,31
2024-01-23T11:51:00,True,0.85526,0.85530,0.85520,0.85522,24
2024-01-23T11:52:00,True,0.85520,0.85521,0.85512,0.85512,33
2024-01-23T11:53:00,True,0.85512,0.85512,0.85512,0.85512,6
2024-01-23T11:54:00,True,0.85512,0.85517,0.85508,0.85509,16
2024-01-23T11:55:00,True,0.85508,0.85525,0.85506,0.85525,39
2024-01-23T11:56:00,True,0.85523,0.85531,0.85522,0.85531,15
2024-01-23T11:57:00,True,0.85532,0.85536,0.85526,0.85536,27
2024-01-23T11:58:00,True,0.85536,0.85536,0.85518,0.85518,43
2024-01-23T11:59:00,True,0.85518,0.85522,0.85518,0.85519,44
2024-01-23T12:00:00,True,0.85520,0.85528,0.85520,0.85522,21
2024-01-23T12:01:00,True,0.85524,0.85534,0.85521,0.85522,57
2024-01-23T12:02:00,True,0.85525,0.85535,0.85523,0.85532,26
2024-01-23T12:03:00,True,0.85536,0.85536,0.85531,0.85534,23
2024-01-23T12:04:00,True,0.85535,0.85538,0.85532,0.85535,31
2024-01-23T12:05:00,True,0.85535,0.85536,0.85522,0.85524,40
2024-01-23T12:06:00,True,0.85524,0.85528,0.85518,0.85526,26
2024-01-23T12:07:00,True,0.85528,0.85533,0.85524,0.85532,22
2024-01-23T12:08:00,True,0.85532,0.85536,0.85532,0.85535,26
2024-01-23T12:09:00,True,0.85535,0.85535,0.85522,0.85524,39
2024-01-23T12:10:00,True,0.85524,0.85529,0.85522,0.85527,36
2024-01-23T12:11:00,True,0.85529,0.85535,0.85526,0.85526,16
2024-01-23T12:12:00,True,0.85528,0.85529,0.85522,0.85526,22
2024-01-23T12:13:00,True,0.85525,0.85530,0.85525,0.85528,21
2024-01-23T12:14:00,True,0.85526,0.85528,0.85524,0.85526,11
2024-01-23T12:15:00,True,0.85526,0.85535,0.85526,0.85535,24
2024-01-23T12:16:00,True,0.85536,0.85538,0.85536,0.85537,12
2024-01-23T12:17:00,True,0.85540,0.85542,0.85536,0.85536,17
2024-01-23T12:18:00,True,0.85536,0.85536,0.85530,0.85532,16
2024-01-23T12:19:00,True,0.85532,0.85536,0.85528,0.85533,22
2024-01-23T12:20:00,True,0.85530,0.85530,0.85517,0.85519,29
2024-01-23T12:21:00,True,0.85520,0.85526,0.85518,0.85520,25
2024-01-23T12:22:00,True,0.85520,0.85522,0.85512,0.85514,20
2024-01-23T12:23:00,True,0.85517,0.85517,0.85507,0.85508,19
2024-01-23T12:24:00,True,0.85508,0.85513,0.85504,0.85512,29
2024-01-23T12:25:00,True,0.85510,0.85510,0.85500,0.85501,31
2024-01-23T12:26:00,True,0.85498,0.85502,0.85494,0.85496,22
2024-01-23T12:27:00,True,0.85500,0.85503,0.85490,0.85503,32
2024-01-23T12:28:00,True,0.85507,0.85508,0.85502,0.85506,28
2024-01-23T12:29:00,True,0.85507,0.85507,0.85503,0.85503,18
2024-01-23T12:30:00,True,0.85503,0.85518,0.85500,0.85516,44
2024-01-23T12:31:00,True,0.85512,0.85516,0.85512,0.85514,33
2024-01-23T12:32:00,True,0.85514,0.85515,0.85506,0.85508,28
2024-01-23T12:33:00,True,0.85509,0.85511,0.85508,0.85510,26
2024-01-23T12:34:00,True,0.85511,0.85515,0.85509,0.85514,23
2024-01-23T12:35:00,True,0.85516,0.85518,0.85512,0.85518,29
2024-01-23T12:36:00,True,0.85517,0.85518,0.85504,0.85507,28
2024-01-23T12:37:00,True,0.85508,0.85514,0.85508,0.85514,10
2024-01-23T12:38:00,True,0.85510,0.85513,0.85506,0.85508,11
2024-01-23T12:39:00,True,0.85509,0.85514,0.85508,0.85514,15
2024-01-23T12:40:00,True,0.85512,0.85514,0.85506,0.85506,24
2024-01-23T12:41:00,True,0.85509,0.85509,0.85502,0.85503,20
2024-01-23T12:42:00,True,0.85501,0.85502,0.85494,0.85502,22
2024-01-23T12:43:00,True,0.85502,0.85502,0.85495,0.85495,25
2024-01-23T12:44:00,True,0.85495,0.85503,0.85495,0.85498,21
2024-01-23T12:45:00,True,0.85496,0.85506,0.85492,0.85504,33
2024-01-23T12:46:00,True,0.85503,0.85505,0.85502,0.85505,30
2024-01-23T12:47:00,True,0.85505,0.85505,0.85495,0.85495,21
2024-01-23T12:48:00,True,0.85492,0.85494,0.85476,0.85484,28
2024-01-23T12:49:00,True,0.85484,0.85484,0.85472,0.85476,27
2024-01-23T12:50:00,True,0.85478,0.85480,0.85476,0.85476,15
2024-01-23T12:51:00,True,0.85474,0.85477,0.85470,0.85477,21
2024-01-23T12:52:00,True,0.85474,0.85478,0.85470,0.85472,30
2024-01-23T12:53:00,True,0.85474,0.85475,0.85469,0.85470,25
2024-01-23T12:54:00,True,0.85470,0.85476,0.85468,0.85469,19
2024-01-23T12:55:00,True,0.85471,0.85482,0.85471,0.85482,23
2024-01-23T12:56:00,True,0.85484,0.85494,0.85484,0.85492,49
2024-01-23T12:57:00,True,0.85492,0.85492,0.85486,0.85487,23
2024-01-23T12:58:00,True,0.85487,0.85487,0.85474,0.85478,31
2024-01-23T12:59:00,True,0.85478,0.85480,0.85474,0.85475,54
2024-01-23T13:00:00,True,0.85475,0.85479,0.85474,0.85478,84
2024-01-23T13:01:00,True,0.85476,0.85485,0.85476,0.85477,40
2024-01-23T13:02:00,True,0.85478,0.85484,0.85476,0.85482,36
2024-01-23T13:03:00,True,0.85483,0.85494,0.85481,0.85486,40
2024-01-23T13:04:00,True,0.85485,0.85489,0.85482,0.85488,21
2024-01-23T13:05:00,True,0.85488,0.85495,0.85487,0.85494,21
2024-01-23T13:06:00,True,0.85495,0.85498,0.85495,0.85498,10
2024-01-23T13:07:00,True,0.85502,0.85505,0.85496,0.85502,51
2024-01-23T13:08:00,True,0.85504,0.85506,0.85498,0.85500,29
2024-01-23T13:09:00,True,0.85499,0.85500,0.85490,0.85490,32
2024-01-23T13:10:00,True,0.85490,0.85494,0.85482,0.85482,37
2024-01-23T13:11:00,True,0.85482,0.85490,0.85482,0.85490,33
2024-01-23T13:12:00,True,0.85490,0.85491,0.85484,0.85488,37
2024-01-23T13:13:00,True,0.85490,0.85490,0.85484,0.85487,23
2024-01-23T13:14:00,True,0.85486,0.85488,0.85484,0.85485,33
2024-01-23T13:15:00,True,0.85486,0.85486,0.85480,0.85484,30
2024-01-23T13:16:00,True,0.85487,0.85488,0.85483,0.85486,32
2024-01-23T13:17:00,True,0.85486,0.85488,0.85486,0.85487,18
2024-01-23T13:18:00,True,0.85489,0.85489,0.85484,0.85486,25
2024-01-23T13:19:00,True,0.85486,0.85488,0.85480,0.85485,58
2024-01-23T13:20:00,True,0.85480,0.85487,0.85479,0.85479,22
2024-01-23T13:21:00,True,0.85476,0.85477,0.85470,0.85470,17
2024-01-23T13:22:00,True,0.85470,0.85474,0.85470,0.85472,21
2024-01-23T13:23:00,True,0.85472,0.85474,0.85470,0.85470,19
2024-01-23T13:24:00,True,0.85470,0.85474,0.85469,0.85470,43
2024-01-23T13:25:00,True,0.85471,0.85480,0.85469,0.85480,34
2024-01-23T13:26:00,True,0.85477,0.85484,0.85476,0.85483,19
2024-01-23T13:27:00,True,0.85482,0.85487,0.85482,0.85484,32
2024-01-23T13:28:00,True,0.85484,0.85489,0.85483,0.85486,39
2024-01-23T13:29:00,True,0.85486,0.85490,0.85486,0.85488,25
2024-01-23T13:30:00,True,0.85488,0.85496,0.85488,0.85496,34
2024-01-23T13:31:00,True,0.85496,0.85499,0.85492,0.85499,30
2024-01-23T13:32:00,True,0.85500,0.85511,0.85500,0.85509,28
2024-01-23T13:33:00,True,0.85508,0.85514,0.85508,0.85512,29
2024-01-23T13:34:00,True,0.85514,0.85525,0.85509,0.85524,26
2024-01-23T13:35:00,True,0.85522,0.85522,0.85512,0.85512,33
2024-01-23T13:36:00,True,0.85511,0.85521,0.85508,0.85518,26
2024-01-23T13:37:00,True,0.85518,0.85526,0.85518,0.85524,27
2024-01-23T13:38:00,True,0.85524,0.85532,0.85520,0.85523,38
2024-01-23T13:39:00,True,0.85526,0.85526,0.85521,0.85525,8
2024-01-23T13:40:00,True,0.85523,0.85528,0.85517,0.85524,13
2024-01-23T13:41:00,True,0.85521,0.85528,0.85521,0.85526,14
2024-01-23T13:42:00,True,0.85524,0.85528,0.85520,0.85522,20
2024-01-23T13:43:00,True,0.85525,0.85529,0.85525,0.85527,5
2024-01-23T13:44:00,True,0.85524,0.85524,0.85510,0.85512,27
2024-01-23T13:45:00,True,0.85512,0.85514,0.85506,0.85514,12
2024-01-23T13:46:00,True,0.85511,0.85514,0.85509,0.85512,12
2024-01-23T13:47:00,True,0.85510,0.85512,0.85504,0.85512,16
2024-01-23T13:48:00,True,0.85510,0.85516,0.85507,0.85516,41
2024-01-23T13:49:00,True,0.85516,0.85522,0.85513,0.85515,36
2024-01-23T13:50:00,True,0.85514,0.85526,0.85514,0.85524,27
2024-01-23T13:51:00,True,0.85524,0.85532,0.85524,0.85531,26
2024-01-23T13:52:00,True,0.85534,0.85548,0.85534,0.85543,39
2024-01-23T13:53:00,True,0.85544,0.85544,0.85537,0.85542,30
2024-01-23T13:54:00,True,0.85544,0.85550,0.85544,0.85544,20
2024-01-23T13:55:00,True,0.85541,0.85556,0.85541,0.85556,7
2024-01-23T13:56:00,True,0.85554,0.85565,0.85554,0.85564,30
2024-01-23T13:57:00,True,0.85564,0.85568,0.85560,0.85562,41
2024-01-23T13:58:00,True,0.85563,0.85568,0.85562,0.85566,15
2024-01-23T13:59:00,True,0.85564,0.85570,0.85560,0.85567,25
2024-01-23T14:00:00,True,0.85566,0.85577,0.85566,0.85576,40
2024-01-23T14:01:00,True,0.85577,0.85582,0.85576,0.85580,22
2024-01-23T14:02:00,True,0.85579,0.85581,0.85576,0.85579,30
2024-01-23T14:03:00,True,0.85578,0.85586,0.85578,0.85584,27
2024-01-23T14:04:00,True,0.85583,0.85600,0.85576,0.85600,19
2024-01-23T14:05:00,True,0.85598,0.85608,0.85594,0.85598,51
2024-01-23T14:06:00,True,0.85601,0.85616,0.85595,0.85614,62
2024-01-23T14:07:00,True,0.85612,0.85621,0.85610,0.85621,54
2024-01-23T14:08:00,True,0.85619,0.85622,0.85617,0.85619,52
2024-01-23T14:09:00,True,0.85617,0.85619,0.85614,0.85616,35
2024-01-23T14:10:00,True,0.85617,0.85620,0.85610,0.85612,43
2024-01-23T14:11:00,True,0.85610,0.85620,0.85610,0.85618,43
2024-01-23T14:12:00,True,0.85618,0.85622,0.85610,0.85613,41
2024-01-23T14:13:00,True,0.85614,0.85616,0.85600,0.85614,62
2024-01-23T14:14:00,True,0.85616,0.85620,0.85610,0.85616,54
2024-01-23T14:15:00,True,0.85618,0.85618,0.85606,0.85610,51
2024-01-23T14:16:00,True,0.85610,0.85610,0.85600,0.85609,49
2024-01-23T14:17:00,True,0.85610,0.85616,0.85604,0.85614,33
2024-01-23T14:18:00,True,0.85616,0.85629,0.85614,0.85629,18
2024-01-23T14:19:00,True,0.85627,0.85628,0.85624,0.85627,26
2024-01-23T14:20:00,True,0.85628,0.85628,0.85618,0.85618,16
2024-01-23T14:21:00,True,0.85619,0.85624,0.85619,0.85622,50
2024-01-23T14:22:00,True,0.85623,0.85635,0.85621,0.85622,40
2024-01-23T14:23:00,True,0.85622,0.85622,0.85610,0.85612,34
2024-01-23T14:24:00,True,0.85613,0.85613,0.85608,0.85608,33
2024-01-23T14:25:00,True,0.85607,0.85614,0.85606,0.85612,29
2024-01-23T14:26:00,True,0.85610,0.85611,0.85600,0.85608,47
2024-01-23T14:27:00,True,0.85607,0.85607,0.85602,0.85602,22
2024-01-23T14:28:00,True,0.85600,0.85608,0.85600,0.85608,34
2024-01-23T14:29:00,True,0.85606,0.85624,0.85598,0.85624,45
2024-01-23T14:30:00,True,0.85624,0.85637,0.85624,0.85626,55
2024-01-23T14:31:00,True,0.85626,0.85631,0.85624,0.85631,34
2024-01-23T14:32:00,True,0.85629,0.85630,0.85612,0.85614,63
2024-01-23T14:33:00,True,0.85612,0.85618,0.85612,0.85614,83
2024-01-23T14:34:00,True,0.85616,0.85618,0.85608,0.85609,34
2024-01-23T14:35:00,True,0.85609,0.85618,0.85608,0.85616,45
2024-01-23T14:36:00,True,0.85614,0.85614,0.85604,0.85608,39
2024-01-23T14:37:00,True,0.85609,0.85623,0.85608,0.85623,24
2024-01-23T14:38:00,True,0.85624,0.85624,0.85607,0.85609,48
2024-01-23T14:39:00,True,0.85608,0.85617,0.85608,0.85617,57
2024-01-23T14:40:00,True,0.85614,0.85614,0.85600,0.85602,38
2024-01-23T14:41:00,True,0.85602,0.85606,0.85594,0.85599,35
2024-01-23T14:42:00,True,0.85596,0.85597,0.85586,0.85586,23
2024-01-23T14:43:00,True,0.85589,0.85595,0.85584,0.85588,60
2024-01-23T14:44:00,True,0.85590,0.85590,0.85579,0.85579,22
2024-01-23T14:45:00,True,0.85582,0.85582,0.85564,0.85576,24
2024-01-23T14:46:00,True,0.85579,0.85579,0.85560,0.85564,27
2024-01-23T14:47:00,True,0.85563,0.85574,0.85558,0.85570,59
2024-01-23T14:48:00,True,0.85570,0.85579,0.85570,0.85577,36
2024-01-23T14:49:00,True,0.85579,0.85590,0.85579,0.85588,35
2024-01-23T14:50:00,True,0.85587,0.85587,0.85568,0.85568,37
2024-01-23T14:51:00,True,0.85568,0.85573,0.85564,0.85564,31
2024-01-23T14:52:00,True,0.85561,0.85570,0.85560,0.85564,30
2024-01-23T14:53:00,True,0.85561,0.85566,0.85557,0.85566,44
2024-01-23T14:54:00,True,0.85566,0.85566,0.85552,0.85566,48
2024-01-23T14:55:00,True,0.85566,0.85584,0.85566,0.85582,41
2024-01-23T14:56:00,True,0.85586,0.85590,0.85581,0.85588,35
2024-01-23T14:57:00,True,0.85586,0.85590,0.85574,0.85590,48
2024-01-23T14:58:00,True,0.85593,0.85596,0.85574,0.85578,44
2024-01-23T14:59:00,True,0.85576,0.85587,0.85572,0.85584,63
2024-01-23T15:00:00,True,0.85582,0.85585,0.85566,0.85583,63
2024-01-23T15:01:00,True,0.85582,0.85586,0.85580,0.85582,45
2024-01-23T15:02:00,True,0.85584,0.85597,0.85584,0.85595,23
2024-01-23T15:03:00,True,0.85594,0.85594,0.85579,0.85579,42
2024-01-23T15:04:00,True,0.85577,0.85578,0.85572,0.85578,25
2024-01-23T15:05:00,True,0.85580,0.85586,0.85570,0.85570,49
2024-01-23T15:06:00,True,0.85570,0.85574,0.85552,0.85552,60
2024-01-23T15:07:00,True,0.85554,0.85557,0.85546,0.85546,72
2024-01-23T15:08:00,True,0.85546,0.85548,0.85542,0.85542,37
2024-01-23T15:09:00,True,0.85542,0.85546,0.85540,0.85541,43
2024-01-23T15:10:00,True,0.85540,0.85553,0.85540,0.85553,40
2024-01-23T15:11:00,True,0.85552,0.85554,0.85533,0.85536,51
2024-01-23T15:12:00,True,0.85536,0.85538,0.85526,0.85530,66
2024-01-23T15:13:00,True,0.85530,0.85534,0.85526,0.85532,51
2024-01-23T15:14:00,True,0.85532,0.85540,0.85532,0.85535,48
2024-01-23T15:15:00,True,0.85535,0.85540,0.85535,0.85536,36
2024-01-23T15:16:00,True,0.85538,0.85558,0.85538,0.85556,38
2024-01-23T15:17:00,True,0.85556,0.85563,0.85556,0.85562,27
2024-01-23T15:18:00,True,0.85564,0.85564,0.85552,0.85552,76
2024-01-23T15:19:00,True,0.85554,0.85556,0.85545,0.85546,45
2024-01-23T15:20:00,True,0.85547,0.85552,0.85536,0.85546,62
2024-01-23T15:21:00,True,0.85547,0.85550,0.85543,0.85548,42
2024-01-23T15:22:00,True,0.85548,0.85549,0.85542,0.85546,35
2024-01-23T15:23:00,True,0.85547,0.85548,0.85533,0.85540,46
2024-01-23T15:24:00,True,0.85541,0.85542,0.85533,0.85535,62
2024-01-23T15:25:00,True,0.85536,0.85542,0.85533,0.85533,44
2024-01-23T15:26:00,True,0.85536,0.85537,0.85524,0.85526,43
2024-01-23T15:27:00,True,0.85525,0.85537,0.85525,0.85536,36
2024-01-23T15:28:00,True,0.85533,0.85540,0.85530,0.85537,43
2024-01-23T15:29:00,True,0.85538,0.85538,0.85531,0.85532,30
2024-01-23T15:30:00,True,0.85534,0.85539,0.85534,0.85538,26
2024-01-23T15:31:00,True,0.85538,0.85540,0.85536,0.85536,44
2024-01-23T15:32:00,True,0.85536,0.85538,0.85534,0.85534,34
2024-01-23T15:33:00,True,0.85531,0.85548,0.85530,0.85548,40
2024-01-23T15:34:00,True,0.85550,0.85558,0.85543,0.85544,58
2024-01-23T15:35:00,True,0.85544,0.85546,0.85534,0.85535,64
2024-01-23T15:36:00,True,0.85536,0.85546,0.85535,0.85537,52
2024-01-23T15:37:00,True,0.85538,0.85544,0.85536,0.85536,32
2024-01-23T15:38:00,True,0.85534,0.85542,0.85533,0.85537,43
2024-01-23T15:39:00,True,0.85536,0.85536,0.85518,0.85520,41
2024-01-23T15:40:00,True,0.85522,0.85523,0.85517,0.85518,77
2024-01-23T15:41:00,True,0.85518,0.85522,0.85496,0.85498,59
2024-01-23T15:42:00,True,0.85498,0.85498,0.85468,0.85475,97
2024-01-23T15:43:00,True,0.85474,0.85486,0.85473,0.85486,45
2024-01-23T15:44:00,True,0.85489,0.85492,0.85484,0.85490,84
2024-01-23T15:45:00,True,0.85490,0.85500,0.85488,0.85500,38
2024-01-23T15:46:00,True,0.85496,0.85500,0.85495,0.85500,32
2024-01-23T15:47:00,True,0.85500,0.85512,0.85496,0.85510,38
2024-01-23T15:48:00,True,0.85508,0.85512,0.85502,0.85504,30
2024-01-23T15:49:00,True,0.85505,0.85515,0.85504,0.85511,40
2024-01-23T15:50:00,True,0.85509,0.85512,0.85503,0.85512,36
2024-01-23T15:51:00,True,0.85512,0.85519,0.85512,0.85518,33
2024-01-23T15:52:00,True,0.85519,0.85522,0.85515,0.85518,41
2024-01-23T15:53:00,True,0.85521,0.85524,0.85518,0.85519,37
2024-01-23T15:54:00,True,0.85516,0.85525,0.85514,0.85515,50
2024-01-23T15:55:00,True,0.85514,0.85523,0.85514,0.85520,40
2024-01-23T15:56:00,True,0.85518,0.85519,0.85508,0.85516,48
2024-01-23T15:57:00,True,0.85515,0.85526,0.85514,0.85522,58
2024-01-23T15:58:00,True,0.85523,0.85533,0.85520,0.85520,67
2024-01-23T15:59:00,True,0.85521,0.85523,0.85512,0.85514,64
2024-01-23T16:00:00,True,0.85517,0.85535,0.85517,0.85535,68
2024-01-23T16:01:00,True,0.85536,0.85542,0.85534,0.85535,48
2024-01-23T16:02:00,True,0.85534,0.85538,0.85522,0.85526,66
2024-01-23T16:03:00,True,0.85524,0.85524,0.85512,0.85519,47
2024-01-23T16:04:00,True,0.85518,0.85520,0.85510,0.85516,34
2024-01-23T16:05:00,True,0.85518,0.85529,0.85514,0.85518,56
2024-01-23T16:06:00,True,0.85516,0.85520,0.85511,0.85514,27
2024-01-23T16:07:00,True,0.85514,0.85518,0.85508,0.85518,54
2024-01-23T16:08:00,True,0.85519,0.85529,0.85517,0.85529,37
2024-01-23T16:09:00,True,0.85528,0.85546,0.85528,0.85542,22
2024-01-23T16:10:00,True,0.85540,0.85542,0.85529,0.85530,39
2024-01-23T16:11:00,True,0.85529,0.85532,0.85526,0.85530,33
2024-01-23T16:12:00,True,0.85530,0.85550,0.85524,0.85546,47
2024-01-23T16:13:00,True,0.85546,0.85556,0.85546,0.85555,49
2024-01-23T16:14:00,True,0.85552,0.85562,0.85552,0.85558,45
2024-01-23T16:15:00,True,0.85557,0.85566,0.85554,0.85560,28
2024-01-23T16:16:00,True,0.85562,0.85568,0.85562,0.85568,25
2024-01-23T16:17:00,True,0.85570,0.85574,0.85570,0.85570,44
2024-01-23T16:18:00,True,0.85572,0.85582,0.85572,0.85582,38
2024-01-23T16:19:00,True,0.85580,0.85582,0.85566,0.85570,43
2024-01-23T16:20:00,True,0.85568,0.85568,0.85554,0.85554,41
2024-01-23T16:21:00,True,0.85556,0.85565,0.85556,0.85564,42
2024-01-23T16:22:00,True,0.85566,0.85574,0.85566,0.85570,32
2024-01-23T16:23:00,True,0.85568,0.85574,0.85566,0.85572,44
2024-01-23T16:24:00,True,0.85570,0.85580,0.85570,0.85578,47
2024-01-23T16:25:00,True,0.85577,0.85577,0.85568,0.85568,47
2024-01-23T16:26:00,True,0.85568,0.85573,0.85566,0.85572,18
2024-01-23T16:27:00,True,0.85572,0.85583,0.85570,0.85582,53
2024-01-23T16:28:00,True,0.85583,0.85586,0.85578,0.85582,68
2024-01-23T16:29:00,True,0.85580,0.85581,0.85570,0.85570,31
2024-01-23T16:30:00,True,0.85572,0.85588,0.85568,0.85585,32
2024-01-23T16:31:00,True,0.85588,0.85599,0.85588,0.85593,18
2024-01-23T16:32:00,True,0.85594,0.85598,0.85592,0.85592,8
2024-01-23T16:33:00,True,0.85590,0.85590,0.85580,0.85582,28
2024-01-23T16:34:00,True,0.85582,0.85590,0.85580,0.85588,19
2024-01-23T16:35:00,True,0.85591,0.85591,0.85577,0.85577,29
2024-01-23T16:36:00,True,0.85576,0.85580,0.85574,0.85576,43
2024-01-23T16:37:00,True,0.85577,0.85583,0.85577,0.85583,18
2024-01-23T16:38:00,True,0.85580,0.85582,0.85570,0.85570,27
2024-01-23T16:39:00,True,0.85572,0.85572,0.85563,0.85566,42
2024-01-23T16:40:00,True,0.85566,0.85572,0.85560,0.85562,45
2024-01-23T16:41:00,True,0.85565,0.85565,0.85551,0.85561,29
2024-01-23T16:42:00,True,0.85563,0.85565,0.85554,0.85565,19
2024-01-23T16:43:00,True,0.85566,0.85575,0.85566,0.85567,15
2024-01-23T16:44:00,True,0.85569,0.85572,0.85564,0.85566,10
2024-01-23T16:45:00,True,0.85564,0.85565,0.85557,0.85557,15
2024-01-23T16:46:00,True,0.85556,0.85558,0.85550,0.85558,28
2024-01-23T16:47:00,True,0.85558,0.85560,0.85554,0.85560,22
2024-01-23T16:48:00,True,0.85556,0.85564,0.85555,0.85564,41
2024-01-23T16:49:00,True,0.85563,0.85564,0.85551,0.85558,39
2024-01-23T16:50:00,True,0.85554,0.85554,0.85531,0.85531,37
2024-01-23T16:51:00,True,0.85530,0.85536,0.85529,0.85533,42
2024-01-23T16:52:00,True,0.85532,0.85545,0.85532,0.85540,45
2024-01-23T16:53:00,True,0.85541,0.85550,0.85540,0.85547,47
2024-01-23T16:54:00,True,0.85548,0.85552,0.85547,0.85549,14
2024-01-23T16:55:00,True,0.85550,0.85552,0.85544,0.85546,36
2024-01-23T16:56:00,True,0.85544,0.85544,0.85534,0.85536,8
2024-01-23T16:57:00,True,0.85538,0.85542,0.85532,0.85536,37
2024-01-23T16:58:00,True,0.85538,0.85547,0.85536,0.85547,51
2024-01-23T16:59:00,True,0.85546,0.85550,0.85546,0.85548,20
2024-01-23T17:00:00,True,0.85548,0.85553,0.85544,0.85549,42
2024-01-23T17:01:00,True,0.85553,0.85562,0.85553,0.85560,21
2024-01-23T17:02:00,True,0.85558,0.85572,0.85557,0.85564,12
2024-01-23T17:03:00,True,0.85566,0.85572,0.85560,0.85572,16
2024-01-23T17:04:00,True,0.85572,0.85572,0.85561,0.85568,24
2024-01-23T17:05:00,True,0.85566,0.85566,0.85560,0.85564,34
2024-01-23T17:06:00,True,0.85564,0.85566,0.85560,0.85564,40
2024-01-23T17:07:00,True,0.85565,0.85570,0.85565,0.85570,11
2024-01-23T17:08:00,True,0.85571,0.85582,0.85570,0.85582,21
2024-01-23T17:09:00,True,0.85582,0.85591,0.85582,0.85590,32
2024-01-23T17:10:00,True,0.85592,0.85596,0.85586,0.85596,29
2024-01-23T17:11:00,True,0.85595,0.85596,0.85592,0.85594,27
2024-01-23T17:12:00,True,0.85596,0.85598,0.85594,0.85598,6
2024-01-23T17:13:00,True,0.85597,0.85597,0.85592,0.85592,17
2024-01-23T17:14:00,True,0.85594,0.85596,0.85586,0.85591,39
2024-01-23T17:15:00,True,0.85593,0.85603,0.85593,0.85603,11
2024-01-23T17:16:00,True,0.85602,0.85604,0.85598,0.85598,45
2024-01-23T17:17:00,True,0.85598,0.85603,0.85598,0.85603,25
2024-01-23T17:18:00,True,0.85604,0.85610,0.85603,0.85609,20
2024-01-23T17:19:00,True,0.85609,0.85614,0.85609,0.85612,13
2024-01-23T17:20:00,True,0.85615,0.85617,0.85615,0.85615,5
2024-01-23T17:21:00,True,0.85614,0.85616,0.85614,0.85614,15
2024-01-23T17:22:00,True,0.85616,0.85617,0.85612,0.85612,40
2024-01-23T17:24:00,True,0.85615,0.85618,0.85614,0.85617,15
2024-01-23T17:25:00,True,0.85614,0.85618,0.85614,0.85617,17
2024-01-23T17:26:00,True,0.85614,0.85618,0.85612,0.85618,23
2024-01-23T17:27:00,True,0.85616,0.85624,0.85616,0.85624,13
2024-01-23T17:28:00,True,0.85626,0.85626,0.85620,0.85620,53
2024-01-23T17:29:00,True,0.85620,0.85628,0.85620,0.85623,49
2024-01-23T17:30:00,True,0.85622,0.85622,0.85610,0.85611,46
2024-01-23T17:31:00,True,0.85613,0.85614,0.85608,0.85613,39
2024-01-23T17:32:00,True,0.85612,0.85613,0.85598,0.85599,24
2024-01-23T17:33:00,True,0.85600,0.85602,0.85596,0.85598,31
2024-01-23T17:34:00,True,0.85598,0.85598,0.85597,0.85597,11
2024-01-23T17:35:00,True,0.85598,0.85605,0.85597,0.85602,43
2024-01-23T17:36:00,True,0.85602,0.85602,0.85597,0.85597,25
2024-01-23T17:37:00,True,0.85598,0.85599,0.85595,0.85599,19
2024-01-23T17:38:00,True,0.85599,0.85599,0.85593,0.85594,13
2024-01-23T17:39:00,True,0.85593,0.85600,0.85593,0.85600,20
2024-01-23T17:40:00,True,0.85600,0.85602,0.85598,0.85598,28
2024-01-23T17:41:00,True,0.85596,0.85600,0.85594,0.85594,20
2024-01-23T17:42:00,True,0.85596,0.85598,0.85592,0.85598,14
2024-01-23T17:43:00,True,0.85600,0.85601,0.85596,0.85596,24
2024-01-23T17:44:00,True,0.85596,0.85596,0.85590,0.85591,26
2024-01-23T17:45:00,True,0.85590,0.85591,0.85582,0.85582,18
2024-01-23T17:46:00,True,0.85580,0.85584,0.85580,0.85584,9
2024-01-23T17:47:00,True,0.85585,0.85590,0.85584,0.85587,16
2024-01-23T17:48:00,True,0.85588,0.85589,0.85579,0.85580,30
2024-01-23T17:49:00,True,0.85579,0.85579,0.85573,0.85575,12
2024-01-23T17:50:00,True,0.85580,0.85580,0.85568,0.85570,23
2024-01-23T17:51:00,True,0.85570,0.85570,0.85563,0.85566,26
2024-01-23T17:52:00,True,0.85566,0.85566,0.85560,0.85563,17
2024-01-23T17:53:00,True,0.85564,0.85566,0.85562,0.85566,38
2024-01-23T17:54:00,True,0.85568,0.85580,0.85568,0.85580,27
2024-01-23T17:55:00,True,0.85582,0.85592,0.85582,0.85588,42
2024-01-23T17:56:00,True,0.85587,0.85588,0.85581,0.85582,66
2024-01-23T17:57:00,True,0.85583,0.85587,0.85575,0.85575,62
2024-01-23T17:58:00,True,0.85575,0.85575,0.85565,0.85565,21
2024-01-23T17:59:00,True,0.85563,0.85573,0.85563,0.85573,15
2024-01-23T18:00:00,True,0.85571,0.85573,0.85564,0.85570,18
2024-01-23T18:01:00,True,0.85570,0.85572,0.85566,0.85568,36
2024-01-23T18:02:00,True,0.85568,0.85575,0.85567,0.85575,16
2024-01-23T18:03:00,True,0.85578,0.85582,0.85574,0.85579,13
2024-01-23T18:04:00,True,0.85578,0.85581,0.85576,0.85578,34
2024-01-23T18:05:00,True,0.85581,0.85586,0.85580,0.85582,33
2024-01-23T18:06:00,True,0.85582,0.85582,0.85576,0.85578,16
2024-01-23T18:07:00,True,0.85578,0.85578,0.85576,0.85578,15
2024-01-23T18:08:00,True,0.85578,0.85578,0.85570,0.85572,19
2024-01-23T18:09:00,True,0.85574,0.85576,0.85570,0.85570,22
2024-01-23T18:10:00,True,0.85572,0.85573,0.85568,0.85570,28
2024-01-23T18:11:00,True,0.85572,0.85578,0.85572,0.85576,27
2024-01-23T18:12:00,True,0.85576,0.85577,0.85568,0.85577,26
2024-01-23T18:13:00,True,0.85575,0.85578,0.85570,0.85570,16
2024-01-23T18:14:00,True,0.85568,0.85574,0.85568,0.85572,16
2024-01-23T18:15:00,True,0.85570,0.85572,0.85570,0.85570,18
2024-01-23T18:16:00,True,0.85568,0.85574,0.85566,0.85572,30
2024-01-23T18:17:00,True,0.85573,0.85576,0.85570,0.85574,29
2024-01-23T18:18:00,True,0.85574,0.85577,0.85573,0.85576,18
2024-01-23T18:19:00,True,0.85576,0.85576,0.85569,0.85569,48
2024-01-23T18:20:00,True,0.85568,0.85574,0.85568,0.85574,36
2024-01-23T18:21:00,True,0.85576,0.85576,0.85564,0.85568,39
2024-01-23T18:22:00,True,0.85566,0.85568,0.85564,0.85564,17
2024-01-23T18:23:00,True,0.85567,0.85569,0.85560,0.85569,24
2024-01-23T18:24:00,True,0.85569,0.85569,0.85567,0.85568,39
2024-01-23T18:25:00,True,0.85568,0.85568,0.85566,0.85566,17
2024-01-23T18:26:00,True,0.85568,0.85573,0.85568,0.85573,18
2024-01-23T18:27:00,True,0.85572,0.85573,0.85566,0.85569,33
2024-01-23T18:28:00,True,0.85569,0.85572,0.85565,0.85567,68
2024-01-23T18:29:00,True,0.85566,0.85566,0.85564,0.85564,24
2024-01-23T18:30:00,True,0.85561,0.85565,0.85559,0.85564,39
2024-01-23T18:31:00,True,0.85564,0.85567,0.85564,0.85566,37
2024-01-23T18:32:00,True,0.85565,0.85566,0.85563,0.85564,18
2024-01-23T18:33:00,True,0.85560,0.85565,0.85560,0.85563,16
2024-01-23T18:34:00,True,0.85564,0.85564,0.85560,0.85562,21
2024-01-23T18:35:00,True,0.85562,0.85564,0.85560,0.85562,20
2024-01-23T18:36:00,True,0.85560,0.85560,0.85553,0.85558,24
2024-01-23T18:37:00,True,0.85556,0.85560,0.85556,0.85560,14
2024-01-23T18:38:00,True,0.85559,0.85559,0.85553,0.85558,15
2024-01-23T18:39:00,True,0.85558,0.85558,0.85554,0.85558,21
2024-01-23T18:40:00,True,0.85556,0.85562,0.85556,0.85560,18
2024-01-23T18:41:00,True,0.85560,0.85560,0.85556,0.85556,11
2024-01-23T18:42:00,True,0.85556,0.85558,0.85555,0.85556,12
2024-01-23T18:43:00,True,0.85555,0.85557,0.85555,0.85556,16
2024-01-23T18:44:00,True,0.85556,0.85558,0.85552,0.85552,20
2024-01-23T18:45:00,True,0.85553,0.85553,0.85548,0.85552,13
2024-01-23T18:46:00,True,0.85551,0.85552,0.85546,0.85546,10
2024-01-23T18:47:00,True,0.85546,0.85557,0.85546,0.85557,23
2024-01-23T18:48:00,True,0.85556,0.85556,0.85546,0.85546,12
2024-01-23T18:49:00,True,0.85546,0.85546,0.85544,0.85546,22
2024-01-23T18:50:00,True,0.85545,0.85548,0.85545,0.85546,24
2024-01-23T18:51:00,True,0.85547,0.85548,0.85544,0.85544,17
2024-01-23T18:52:00,True,0.85544,0.85544,0.85538,0.85539,16
2024-01-23T18:53:00,True,0.85540,0.85541,0.85537,0.85537,13
2024-01-23T18:54:00,True,0.85539,0.85543,0.85536,0.85542,27
2024-01-23T18:55:00,True,0.85543,0.85549,0.85543,0.85546,35
2024-01-23T18:56:00,True,0.85547,0.85547,0.85540,0.85541,36
2024-01-23T18:57:00,True,0.85542,0.85554,0.85540,0.85553,35
2024-01-23T18:58:00,True,0.85555,0.85564,0.85552,0.85564,24
2024-01-23T18:59:00,True,0.85564,0.85564,0.85556,0.85561,57
2024-01-23T19:00:00,True,0.85562,0.85563,0.85558,0.85559,31
2024-01-23T19:01:00,True,0.85560,0.85562,0.85557,0.85562,19
2024-01-23T19:02:00,True,0.85560,0.85561,0.85558,0.85558,12
2024-01-23T19:03:00,True,0.85556,0.85556,0.85549,0.85552,23
2024-01-23T19:04:00,True,0.85555,0.85556,0.85552,0.85552,18
2024-01-23T19:05:00,True,0.85553,0.85553,0.85551,0.85552,26
2024-01-23T19:06:00,True,0.85552,0.85552,0.85546,0.85546,21
2024-01-23T19:07:00,True,0.85546,0.85546,0.85542,0.85546,18
2024-01-23T19:08:00,True,0.85546,0.85546,0.85539,0.85540,35
2024-01-23T19:09:00,True,0.85538,0.85540,0.85538,0.85540,23
2024-01-23T19:10:00,True,0.85538,0.85542,0.85537,0.85540,29
2024-01-23T19:11:00,True,0.85538,0.85538,0.85534,0.85536,29
2024-01-23T19:12:00,True,0.85536,0.85540,0.85536,0.85538,22
2024-01-23T19:13:00,True,0.85539,0.85539,0.85536,0.85538,14
2024-01-23T19:14:00,True,0.85539,0.85542,0.85536,0.85537,20
2024-01-23T19:15:00,True,0.85536,0.85540,0.85534,0.85536,46
2024-01-23T19:16:00,True,0.85537,0.85538,0.85536,0.85537,10
2024-01-23T19:17:00,True,0.85539,0.85539,0.85536,0.85536,11
2024-01-23T19:18:00,True,0.85534,0.85534,0.85532,0.85534,11
2024-01-23T19:19:00,True,0.85534,0.85540,0.85534,0.85540,17
2024-01-23T19:20:00,True,0.85538,0.85538,0.85536,0.85537,9
2024-01-23T19:21:00,True,0.85538,0.85540,0.85536,0.85536,8
2024-01-23T19:22:00,True,0.85538,0.85539,0.85536,0.85538,6
2024-01-23T19:23:00,True,0.85537,0.85538,0.85536,0.85538,14
2024-01-23T19:24:00,True,0.85538,0.85539,0.85536,0.85536,29
2024-01-23T19:25:00,True,0.85537,0.85538,0.85536,0.85537,11
2024-01-23T19:26:00,True,0.85539,0.85540,0.85537,0.85538,14
2024-01-23T19:27:00,True,0.85537,0.85538,0.85536,0.85536,19
2024-01-23T19:28:00,True,0.85537,0.85539,0.85536,0.85536,13
2024-01-23T19:29:00,True,0.85538,0.85538,0.85529,0.85530,23
2024-01-23T19:30:00,True,0.85529,0.85536,0.85529,0.85536,28
2024-01-23T19:31:00,True,0.85536,0.85537,0.85530,0.85530,10
2024-01-23T19:32:00,True,0.85532,0.85534,0.85530,0.85533,7
2024-01-23T19:33:00,True,0.85534,0.85537,0.85528,0.85530,31
2024-01-23T19:34:00,True,0.85530,0.85536,0.85530,0.85536,29
2024-01-23T19:35:00,True,0.85536,0.85544,0.85536,0.85543,42
2024-01-23T19:36:00,True,0.85542,0.85544,0.85532,0.85534,30
2024-01-23T19:37:00,True,0.85532,0.85538,0.85532,0.85535,48
2024-01-23T19:38:00,True,0.85536,0.85540,0.85522,0.85526,37
2024-01-23T19:39:00,True,0.85528,0.85528,0.85526,0.85526,34
2024-01-23T19:40:00,True,0.85527,0.85532,0.85526,0.85526,49
2024-01-23T19:41:00,True,0.85526,0.85532,0.85526,0.85530,20
2024-01-23T19:42:00,True,0.85528,0.85537,0.85527,0.85536,22
2024-01-23T19:43:00,True,0.85534,0.85536,0.85532,0.85534,24
2024-01-23T19:44:00,True,0.85534,0.85534,0.85530,0.85532,13
2024-01-23T19:45:00,True,0.85532,0.85536,0.85529,0.85531,23
2024-01-23T19:46:00,True,0.85531,0.85539,0.85531,0.85539,21
2024-01-23T19:47:00,True,0.85536,0.85538,0.85534,0.85534,7
2024-01-23T19:48:00,True,0.85532,0.85532,0.85522,0.85525,26
2024-01-23T19:49:00,True,0.85524,0.85526,0.85522,0.85524,27
2024-01-23T19:50:00,True,0.85525,0.85526,0.85522,0.85523,38
2024-01-23T19:51:00,True,0.85522,0.85525,0.85522,0.85524,8
2024-01-23T19:52:00,True,0.85522,0.85524,0.85522,0.85522,23
2024-01-23T19:53:00,True,0.85524,0.85528,0.85524,0.85526,12
2024-01-23T19:54:00,True,0.85527,0.85528,0.85527,0.85527,11
2024-01-23T19:55:00,True,0.85528,0.85528,0.85520,0.85521,12
2024-01-23T19:56:00,True,0.85519,0.85526,0.85516,0.85526,16
2024-01-23T19:57:00,True,0.85527,0.85534,0.85527,0.85534,22
2024-01-23T19:58:00,True,0.85533,0.85533,0.85528,0.85530,26
2024-01-23T19:59:00,True,0.85528,0.85529,0.85526,0.85528,32
2024-01-23T20:00:00,True,0.85528,0.85528,0.85527,0.85527,30
2024-01-23T20:01:00,True,0.85526,0.85526,0.85524,0.85524,18
2024-01-23T20:02:00,True,0.85524,0.85528,0.85524,0.85526,27
2024-01-23T20:03:00,True,0.85528,0.85528,0.85522,0.85523,17
2024-01-23T20:04:00,True,0.85521,0.85522,0.85520,0.85521,5
2024-01-23T20:05:00,True,0.85520,0.85520,0.85514,0.85518,12
2024-01-23T20:06:00,True,0.85518,0.85522,0.85517,0.85522,21
2024-01-23T20:07:00,True,0.85520,0.85527,0.85518,0.85526,25
2024-01-23T20:08:00,True,0.85525,0.85526,0.85522,0.85525,27
2024-01-23T20:09:00,True,0.85524,0.85528,0.85524,0.85528,8
2024-01-23T20:10:00,True,0.85528,0.85528,0.85524,0.85526,13
2024-01-23T20:11:00,True,0.85526,0.85526,0.85519,0.85523,28
2024-01-23T20:12:00,True,0.85522,0.85522,0.85515,0.85518,59
2024-01-23T20:13:00,True,0.85518,0.85518,0.85514,0.85516,16
2024-01-23T20:14:00,True,0.85516,0.85518,0.85514,0.85514,13
2024-01-23T20:15:00,True,0.85514,0.85516,0.85512,0.85512,9
2024-01-23T20:16:00,True,0.85513,0.85516,0.85512,0.85514,9
2024-01-23T20:17:00,True,0.85516,0.85516,0.85512,0.85512,5
2024-01-23T20:18:00,True,0.85512,0.85514,0.85512,0.85512,14
2024-01-23T20:19:00,True,0.85514,0.85519,0.85512,0.85512,17
2024-01-23T20:20:00,True,0.85513,0.85518,0.85512,0.85514,21
2024-01-23T20:21:00,True,0.85516,0.85522,0.85514,0.85522,31
2024-01-23T20:22:00,True,0.85522,0.85522,0.85519,0.85520,16
2024-01-23T20:23:00,True,0.85521,0.85521,0.85520,0.85520,3
2024-01-23T20:24:00,True,0.85519,0.85522,0.85519,0.85522,6
2024-01-23T20:25:00,True,0.85521,0.85521,0.85514,0.85518,16
2024-01-23T20:26:00,True,0.85516,0.85518,0.85516,0.85516,13
2024-01-23T20:27:00,True,0.85516,0.85516,0.85512,0.85514,11
2024-01-23T20:28:00,True,0.85514,0.85514,0.85512,0.85512,3
2024-01-23T20:29:00,True,0.85512,0.85514,0.85512,0.85513,26
2024-01-23T20:30:00,True,0.85512,0.85514,0.85509,0.85512,15
2024-01-23T20:31:00,True,0.85514,0.85514,0.85508,0.85510,21
2024-01-23T20:32:00,True,0.85508,0.85509,0.85506,0.85506,13
2024-01-23T20:33:00,True,0.85506,0.85506,0.85506,0.85506,57
2024-01-23T20:34:00,True,0.85506,0.85510,0.85506,0.85508,50
2024-01-23T20:35:00,True,0.85508,0.85510,0.85508,0.85509,47
2024-01-23T20:36:00,True,0.85510,0.85514,0.85509,0.85511,25
2024-01-23T20:37:00,True,0.85511,0.85512,0.85509,0.85512,40
2024-01-23T20:38:00,True,0.85510,0.85512,0.85508,0.85512,23
2024-01-23T20:39:00,True,0.85512,0.85512,0.85508,0.85512,42
2024-01-23T20:40:00,True,0.85512,0.85513,0.85511,0.85511,24
2024-01-23T20:41:00,True,0.85512,0.85513,0.85511,0.85511,21
2024-01-23T20:42:00,True,0.85512,0.85512,0.85510,0.85512,8
2024-01-23T20:43:00,True,0.85512,0.85512,0.85509,0.85509,2
2024-01-23T20:44:00,True,0.85510,0.85511,0.85510,0.85510,4
2024-01-23T20:45:00,True,0.85512,0.85512,0.85510,0.85510,4
2024-01-23T20:46:00,True,0.85512,0.85513,0.85512,0.85512,12
2024-01-23T20:47:00,True,0.85512,0.85515,0.85512,0.85515,8
2024-01-23T20:48:00,True,0.85514,0.85520,0.85514,0.85519,16
2024-01-23T20:49:00,True,0.85518,0.85518,0.85512,0.85514,14
2024-01-23T20:50:00,True,0.85515,0.85515,0.85510,0.85510,13
2024-01-23T20:51:00,True,0.85508,0.85508,0.85508,0.85508,6
2024-01-23T20:52:00,True,0.85511,0.85515,0.85511,0.85512,9
2024-01-23T20:53:00,True,0.85514,0.85514,0.85510,0.85510,18
2024-01-23T20:54:00,True,0.85510,0.85513,0.85510,0.85513,48
2024-01-23T20:55:00,True,0.85512,0.85520,0.85512,0.85518,38
2024-01-23T20:56:00,True,0.85516,0.85520,0.85516,0.85519,10
2024-01-23T20:57:00,True,0.85519,0.85521,0.85514,0.85516,19
2024-01-23T20:58:00,True,0.85516,0.85519,0.85514,0.85519,35
2024-01-23T20:59:00,True,0.85519,0.85526,0.85517,0.85526,35
2024-01-23T21:00:00,True,0.85524,0.85524,0.85518,0.85518,19
2024-01-23T21:01:00,True,0.85520,0.85520,0.85517,0.85520,13
2024-01-23T21:02:00,True,0.85520,0.85520,0.85519,0.85519,6
2024-01-23T21:03:00,True,0.85518,0.85518,0.85518,0.85518,9
2024-01-23T21:04:00,True,0.85518,0.85518,0.85518,0.85518,5
2024-01-23T21:05:00,True,0.85518,0.85520,0.85518,0.85519,12
2024-01-23T21:06:00,True,0.85520,0.85523,0.85518,0.85518,6
2024-01-23T21:07:00,True,0.85518,0.85522,0.85516,0.85522,10
2024-01-23T21:08:00,True,0.85521,0.85530,0.85521,0.85525,10
2024-01-23T21:09:00,True,0.85523,0.85526,0.85522,0.85524,14
2024-01-23T21:10:00,True,0.85525,0.85525,0.85516,0.85516,15
2024-01-23T21:11:00,True,0.85518,0.85518,0.85518,0.85518,4
2024-01-23T21:12:00,True,0.85518,0.85518,0.85516,0.85516,15
2024-01-23T21:13:00,True,0.85516,0.85516,0.85515,0.85516,15
2024-01-23T21:14:00,True,0.85514,0.85515,0.85514,0.85514,5
2024-01-23T21:15:00,True,0.85514,0.85522,0.85514,0.85519,16
2024-01-23T21:16:00,True,0.85522,0.85522,0.85520,0.85520,6
2024-01-23T21:17:00,True,0.85520,0.85520,0.85518,0.85519,9
2024-01-23T21:18:00,True,0.85518,0.85519,0.85514,0.85516,7
2024-01-23T21:19:00,True,0.85518,0.85520,0.85518,0.85519,12
2024-01-23T21:21:00,True,0.85518,0.85523,0.85518,0.85523,7
2024-01-23T21:22:00,True,0.85526,0.85531,0.85524,0.85524,11
2024-01-23T21:23:00,True,0.85524,0.85524,0.85522,0.85522,5
2024-01-23T21:25:00,True,0.85520,0.85526,0.85520,0.85525,7
2024-01-23T21:26:00,True,0.85528,0.85528,0.85522,0.85523,8
2024-01-23T21:27:00,True,0.85522,0.85526,0.85522,0.85526,4
2024-01-23T21:28:00,True,0.85528,0.85528,0.85527,0.85527,5
2024-01-23T21:29:00,True,0.85526,0.85526,0.85522,0.85524,16
2024-01-23T21:31:00,True,0.85524,0.85526,0.85524,0.85525,6
2024-01-23T21:32:00,True,0.85526,0.85526,0.85524,0.85524,9
2024-01-23T21:33:00,True,0.85525,0.85525,0.85524,0.85524,4
2024-01-23T21:34:00,True,0.85525,0.85525,0.85522,0.85522,3
2024-01-23T21:35:00,True,0.85523,0.85527,0.85523,0.85526,6
2024-01-23T21:36:00,True,0.85526,0.85536,0.85523,0.85535,21
2024-01-23T21:37:00,True,0.85533,0.85534,0.85532,0.85534,5
2024-01-23T21:38:00,True,0.85536,0.85546,0.85536,0.85544,15
2024-01-23T21:39:00,True,0.85546,0.85554,0.85546,0.85554,34
2024-01-23T21:40:00,True,0.85553,0.85559,0.85552,0.85558,10
2024-01-23T21:41:00,True,0.85556,0.85556,0.85554,0.85555,8
2024-01-23T21:42:00,True,0.85554,0.85554,0.85553,0.85554,10
2024-01-23T21:43:00,True,0.85553,0.85553,0.85542,0.85542,7
2024-01-23T21:44:00,True,0.85541,0.85541,0.85535,0.85535,14
2024-01-23T21:45:00,True,0.85536,0.85536,0.85532,0.85532,19
2024-01-23T21:46:00,True,0.85533,0.85542,0.85533,0.85542,10
2024-01-23T21:47:00,True,0.85542,0.85542,0.85540,0.85540,6
2024-01-23T21:48:00,True,0.85540,0.85540,0.85538,0.85540,10
2024-01-23T21:49:00,True,0.85538,0.85542,0.85535,0.85539,19
2024-01-23T21:50:00,True,0.85540,0.85542,0.85540,0.85540,9
2024-01-23T21:51:00,True,0.85540,0.85543,0.85540,0.85540,15
2024-01-23T21:52:00,True,0.85539,0.85542,0.85539,0.85542,6
2024-01-23T21:53:00,True,0.85542,0.85542,0.85536,0.85536,11
2024-01-23T21:54:00,True,0.85536,0.85540,0.85536,0.85540,4
2024-01-23T21:55:00,True,0.85541,0.85552,0.85541,0.85544,25
2024-01-23T21:56:00,True,0.85545,0.85549,0.85544,0.85547,21
2024-01-23T21:57:00,True,0.85546,0.85548,0.85543,0.85546,38
2024-01-23T22:03:00,True,0.85514,0.85540,0.85514,0.85540,2
2024-01-23T22:05:00,True,0.85544,0.85544,0.85544,0.85544,1
2024-01-23T22:06:00,True,0.85541,0.85541,0.85540,0.85540,2
2024-01-23T22:07:00,True,0.85541,0.85549,0.85526,0.85548,5
2024-01-23T22:08:00,True,0.85546,0.85548,0.85529,0.85529,3
2024-01-23T22:09:00,True,0.85542,0.85554,0.85526,0.85528,13
2024-01-23T22:10:00,True,0.85526,0.85528,0.85526,0.85526,7
2024-01-23T22:13:00,True,0.85526,0.85526,0.85526,0.85526,1
2024-01-23T22:15:00,True,0.85528,0.85528,0.85527,0.85528,3
2024-01-23T22:16:00,True,0.85527,0.85530,0.85527,0.85530,17
2024-01-23T22:17:00,True,0.85530,0.85530,0.85530,0.85530,4
2024-01-23T22:18:00,True,0.85539,0.85548,0.85539,0.85548,2
2024-01-23T22:20:00,True,0.85546,0.85549,0.85546,0.85548,7
2024-01-23T22:21:00,True,0.85548,0.85550,0.85547,0.85547,4
2024-01-23T22:22:00,True,0.85549,0.85552,0.85549,0.85552,8
2024-01-23T22:23:00,True,0.85554,0.85559,0.85544,0.85558,33
2024-01-23T22:24:00,True,0.85553,0.85554,0.85542,0.85542,30
2024-01-23T22:25:00,True,0.85539,0.85540,0.85536,0.85540,27
2024-01-23T22:26:00,True,0.85542,0.85563,0.85538,0.85560,20
2024-01-23T22:27:00,True,0.85560,0.85560,0.85542,0.85542,11
2024-01-23T22:28:00,True,0.85553,0.85554,0.85552,0.85552,22
2024-01-23T22:29:00,True,0.85554,0.85555,0.85552,0.85552,12
2024-01-23T22:30:00,True,0.85553,0.85557,0.85547,0.85557,16
2024-01-23T22:31:00,True,0.85556,0.85558,0.85556,0.85556,12
2024-01-23T22:32:00,True,0.85557,0.85557,0.85554,0.85554,10
2024-01-23T22:33:00,True,0.85555,0.85555,0.85553,0.85554,9
2024-01-23T22:34:00,True,0.85552,0.85559,0.85552,0.85557,44
2024-01-23T22:35:00,True,0.85556,0.85562,0.85556,0.85561,41
2024-01-23T22:36:00,True,0.85562,0.85563,0.85561,0.85562,27
2024-01-23T22:37:00,True,0.85564,0.85564,0.85561,0.85562,16
2024-01-23T22:38:00,True,0.85561,0.85562,0.85561,0.85562,37
2024-01-23T22:39:00,True,0.85563,0.85564,0.85563,0.85564,3
2024-01-23T22:40:00,True,0.85564,0.85564,0.85564,0.85564,1
2024-01-23T22:41:00,True,0.85564,0.85564,0.85564,0.85564,2
2024-01-23T22:42:00,True,0.85566,0.85566,0.85565,0.85566,4
2024-01-23T22:43:00,True,0.85562,0.85562,0.85560,0.85561,3
2024-01-23T22:44:00,True,0.85565,0.85565,0.85550,0.85556,29
2024-01-23T22:45:00,True,0.85554,0.85556,0.85554,0.85554,13
2024-01-23T22:46:00,True,0.85538,0.85547,0.85538,0.85546,10
2024-01-23T22:47:00,True,0.85548,0.85566,0.85548,0.85566,14
2024-01-23T22:48:00,True,0.85568,0.85571,0.85563,0.85564,75
2024-01-23T22:49:00,True,0.85564,0.85575,0.85562,0.85569,73
2024-01-23T22:50:00,True,0.85570,0.85570,0.85568,0.85568,24
2024-01-23T22:51:00,True,0.85568,0.85569,0.85565,0.85565,61
2024-01-23T22:52:00,True,0.85566,0.85567,0.85562,0.85566,99
2024-01-23T22:53:00,True,0.85566,0.85570,0.85565,0.85568,53
2024-01-23T22:54:00,True,0.85568,0.85572,0.85566,0.85570,61
2024-01-23T22:55:00,True,0.85570,0.85572,0.85570,0.85570,52
2024-01-23T22:56:00,True,0.85572,0.85572,0.85567,0.85568,50
2024-01-23T22:57:00,True,0.85566,0.85569,0.85566,0.85568,133
2024-01-23T22:58:00,True,0.85568,0.85569,0.85565,0.85566,118
2024-01-23T22:59:00,True,0.85566,0.85572,0.85564,0.85570,203
2024-01-23T23:00:00,True,0.85570,0.85570,0.85551,0.85558,49
2024-01-23T23:01:00,True,0.85556,0.85560,0.85540,0.85540,21
2024-01-23T23:02:00,True,0.85542,0.85548,0.85542,0.85548,7
2024-01-23T23:03:00,True,0.85551,0.85551,0.85550,0.85550,2
2024-01-23T23:04:00,True,0.85551,0.85551,0.85551,0.85551,1
2024-01-23T23:05:00,True,0.85550,0.85553,0.85549,0.85552,8
2024-01-23T23:06:00,True,0.85552,0.85553,0.85552,0.85553,5
2024-01-23T23:07:00,True,0.85552,0.85553,0.85549,0.85549,5
2024-01-23T23:08:00,True,0.85550,0.85550,0.85541,0.85541,6
2024-01-23T23:09:00,True,0.85542,0.85546,0.85541,0.85541,7
2024-01-23T23:10:00,True,0.85542,0.85545,0.85542,0.85544,12
2024-01-23T23:11:00,True,0.85543,0.85543,0.85542,0.85542,5
2024-01-23T23:12:00,True,0.85542,0.85542,0.85536,0.85537,6
2024-01-23T23:13:00,True,0.85536,0.85542,0.85536,0.85542,3
2024-01-23T23:14:00,True,0.85541,0.85542,0.85541,0.85542,2
2024-01-23T23:15:00,True,0.85542,0.85546,0.85542,0.85546,15
2024-01-23T23:16:00,True,0.85546,0.85546,0.85546,0.85546,5
2024-01-23T23:18:00,True,0.85547,0.85549,0.85546,0.85548,8
2024-01-23T23:19:00,True,0.85548,0.85548,0.85546,0.85547,4
2024-01-23T23:20:00,True,0.85546,0.85547,0.85546,0.85546,7
2024-01-23T23:21:00,True,0.85546,0.85547,0.85546,0.85547,5
2024-01-23T23:23:00,True,0.85548,0.85549,0.85548,0.85549,11
2024-01-23T23:24:00,True,0.85549,0.85549,0.85549,0.85549,1
2024-01-23T23:25:00,True,0.85552,0.85553,0.85552,0.85552,3
2024-01-23T23:26:00,True,0.85552,0.85552,0.85550,0.85550,6
2024-01-23T23:27:00,True,0.85551,0.85552,0.85551,0.85552,4
2024-01-23T23:28:00,True,0.85551,0.85552,0.85551,0.85552,2
2024-01-23T23:29:00,True,0.85552,0.85556,0.85552,0.85556,5
2024-01-23T23:30:00,True,0.85558,0.85558,0.85558,0.85558,2
2024-01-23T23:31:00,True,0.85556,0.85556,0.85554,0.85556,6
2024-01-23T23:32:00,True,0.85557,0.85557,0.85556,0.85556,4
2024-01-23T23:33:00,True,0.85558,0.85558,0.85554,0.85556,10
2024-01-23T23:34:00,True,0.85555,0.85555,0.85552,0.85552,3
2024-01-23T23:36:00,True,0.85556,0.85557,0.85552,0.85555,11
2024-01-23T23:37:00,True,0.85556,0.85556,0.85554,0.85556,9
2024-01-23T23:38:00,True,0.85554,0.85556,0.85554,0.85554,10
2024-01-23T23:39:00,True,0.85554,0.85555,0.85554,0.85555,3
2024-01-23T23:40:00,True,0.85556,0.85556,0.85556,0.85556,5
2024-01-23T23:41:00,True,0.85556,0.85558,0.85556,0.85558,4
2024-01-23T23:42:00,True,0.85558,0.85559,0.85556,0.85557,10
2024-01-23T23:43:00,True,0.85559,0.85559,0.85556,0.85557,11
2024-01-23T23:44:00,True,0.85557,0.85558,0.85552,0.85554,18
2024-01-23T23:45:00,True,0.85552,0.85554,0.85550,0.85552,17
2024-01-23T23:46:00,True,0.85551,0.85552,0.85549,0.85550,13
2024-01-23T23:47:00,True,0.85550,0.85550,0.85549,0.85549,2
2024-01-23T23:48:00,True,0.85550,0.85550,0.85548,0.85550,5
2024-01-23T23:49:00,True,0.85549,0.85552,0.85548,0.85548,11
2024-01-23T23:50:00,True,0.85550,0.85551,0.85548,0.85550,17
2024-01-23T23:51:00,True,0.85550,0.85550,0.85546,0.85548,24
2024-01-23T23:52:00,True,0.85549,0.85549,0.85548,0.85548,2
2024-01-23T23:53:00,True,0.85548,0.85549,0.85548,0.85549,6
2024-01-23T23:54:00,True,0.85548,0.85552,0.85548,0.85552,3
2024-01-23T23:55:00,True,0.85553,0.85553,0.85549,0.85551,17
2024-01-23T23:56:00,True,0.85550,0.85552,0.85549,0.85551,9
2024-01-23T23:57:00,True,0.85552,0.85552,0.85548,0.85548,10
2024-01-23T23:58:00,True,0.85549,0.85552,0.85548,0.85549,16
2024-01-23T23:59:00,True,0.85551,0.85552,0.85549,0.85549,6
